number,value,datetime_start,datetime_complete,duration,params_colsample_bytree,params_gamma,params_learning_rate,params_max_delta_step,params_max_depth,params_min_child_weight,params_n_estimators,params_reg_alpha,params_reg_lambda,params_scale_pos_weight,params_subsample,state
255,0.8080202274751306,2025-05-20 08:09:55.900730,2025-05-20 08:10:22.739906,0 days 00:00:26.839176,0.9773947787019636,0.07106846114809962,0.18823208144967737,7,8,1,276,0.3387177010191911,0.29265098511298415,24.124179500624034,0.9681008962873509,COMPLETE
256,0.8072191755888534,2025-05-20 08:09:58.223341,2025-05-20 08:10:24.492457,0 days 00:00:26.269116,0.9802345245922408,0.0955758612865622,0.1885690352417018,7,8,1,276,0.8778360318692294,0.09793936407650816,39.563242583923554,0.9673392793117325,COMPLETE
257,0.8113552477770725,2025-05-20 08:10:01.370214,2025-05-20 08:10:27.442350,0 days 00:00:26.072136,0.976533138817974,0.1020362124993724,0.18469376539461568,7,8,1,275,0.8830136217092,0.28601123378148385,23.978825015139144,0.9660861488937893,COMPLETE
258,0.8139421341654292,2025-05-20 08:10:01.819895,2025-05-20 08:10:25.495776,0 days 00:00:23.675881,0.9778771029560973,0.09513378778744978,0.19127511586706558,7,8,1,251,0.3518888420292065,0.08354662480316401,19.46425277462321,0.9693556592114102,COMPLETE
259,0.8110886469578211,2025-05-20 08:10:03.045085,2025-05-20 08:10:29.362885,0 days 00:00:26.317800,0.9754281575345594,0.08903394098322538,0.18884694148407968,7,8,1,280,0.8168833977253772,0.07158953153586653,24.07143202760986,0.9720143079060041,COMPLETE
260,0.8082425819253789,2025-05-20 08:10:10.701351,2025-05-20 08:10:31.966643,0 days 00:00:21.265292,0.9791612749205696,0.42409082300271433,0.2365880087540591,7,8,1,274,0.4123626557455449,0.29443095683680875,24.02531012671942,0.9439386730660486,COMPLETE
261,0.8061662813928374,2025-05-20 08:10:10.970076,2025-05-20 08:10:27.358351,0 days 00:00:16.388275,0.9757235904969982,0.0880861652511623,0.17200688100405995,2,8,1,158,0.43911418118405104,0.0530211927829361,24.110802132678696,0.95650603345942,COMPLETE
262,0.8073138386369776,2025-05-20 08:10:19.999448,2025-05-20 08:10:40.685958,0 days 00:00:20.686510,0.9754606352783954,0.39819637609946557,0.23576842840069995,2,8,1,253,0.3585270987927375,0.046552496471917344,24.07228360706113,0.9458883311721661,COMPLETE
263,0.8054658313210028,2025-05-20 08:10:22.742907,2025-05-20 08:10:44.706364,0 days 00:00:21.963457,0.974517372514276,0.3649987217977054,0.23807405355637837,8,8,1,281,0.3566979459706456,0.0737662346640885,25.572684221524742,0.9564027423714162,COMPLETE
264,0.8095623974899631,2025-05-20 08:10:24.495457,2025-05-20 08:10:44.495366,0 days 00:00:19.999909,0.9709206245630267,0.3508245855357521,0.23748717025849567,2,8,1,250,0.1653997280225088,0.06044850051662459,24.812359063964262,0.95890444008752,COMPLETE
265,0.8057841816080371,2025-05-20 08:10:25.499775,2025-05-20 08:10:40.929296,0 days 00:00:15.429521,0.9730303668564552,0.40830220271186113,0.17027677816380768,8,8,1,167,0.35223290861803264,0.05208107231660587,19.948016746364615,0.956896015884933,COMPLETE
266,0.8011193849872423,2025-05-20 08:10:27.363351,2025-05-20 08:10:46.353596,0 days 00:00:18.990245,0.9723312015582873,0.4046415009853934,0.17585465697765884,8,8,1,252,0.41211405786853683,0.288677892969101,27.69144945857996,0.9733438860183311,COMPLETE
267,0.8076380970721926,2025-05-20 08:10:27.447351,2025-05-20 08:10:50.297542,0 days 00:00:22.850191,0.9719508502669454,0.417482139143878,0.1771798687541984,8,8,1,272,0.42061149170345047,0.29431859237653857,25.067243656260004,0.9474697488020056,COMPLETE
268,0.8093221681420187,2025-05-20 08:10:29.365401,2025-05-20 08:10:52.960820,0 days 00:00:23.595419,0.9716524212867926,0.3813189773241221,0.17466222664895012,8,8,1,274,0.27262828130617095,0.32756198229961453,19.450161755758696,0.9461736455506483,COMPLETE
269,0.8070602649112784,2025-05-20 08:10:31.970645,2025-05-20 08:10:55.360757,0 days 00:00:23.390112,0.9718705517900438,0.31773100208409305,0.1743308561355392,8,8,1,281,0.34781780142823465,0.06943487373231458,19.558111922455723,0.9601640002075958,COMPLETE
270,0.805521393533638,2025-05-20 08:10:40.688959,2025-05-20 08:11:06.913286,0 days 00:00:26.224327,0.9704812555521085,0.32344767755738874,0.17605829186649355,8,8,1,281,0.4542336341910037,0.5647476819264186,25.501519648395046,0.9573089921073241,COMPLETE
271,0.7702675949533965,2025-05-20 08:10:40.934297,2025-05-20 08:10:54.585756,0 days 00:00:13.651459,0.9694896328739279,1.6139980865471282,0.17642472414974672,7,8,1,284,0.4215694882412939,0.36870478444224886,22.729305373668694,0.9581804395585826,COMPLETE
272,0.8080212393004812,2025-05-20 08:10:44.499365,2025-05-20 08:11:10.488092,0 days 00:00:25.988727,0.9825016505092226,0.29254576252335174,0.1770485736311308,7,8,1,282,0.2993416440379345,0.5620345154652918,22.914198321973878,0.9620985999868343,COMPLETE
273,0.8093449919092801,2025-05-20 08:10:44.710366,2025-05-20 08:11:10.069171,0 days 00:00:25.358805,0.9834174838757538,0.2653206148426267,0.1785004040597808,7,8,1,272,0.4098162704308623,0.2816435755585221,19.368564540785943,0.9625965283402813,COMPLETE
274,0.8111704759138636,2025-05-20 08:10:46.360596,2025-05-20 08:11:12.183466,0 days 00:00:25.822870,0.9817798741174786,0.2745328584783211,0.18973000179939317,7,8,1,283,0.4871342547277588,0.03259241324302777,19.310295117078372,0.962404570310884,COMPLETE
275,0.7392498525797677,2025-05-20 08:10:50.301543,2025-05-20 08:11:01.707947,0 days 00:00:11.406404,0.9831451718427423,4.69581696072,0.19301178263367857,7,8,1,283,0.4904578434546729,0.3608589209902303,19.437263532082497,0.962705834533743,COMPLETE
276,0.7845457836043421,2025-05-20 08:10:52.964819,2025-05-20 08:11:21.628093,0 days 00:00:28.663274,0.9832823533256891,0.28589148889979077,0.05337584195836733,7,8,1,263,0.4876798766079389,0.4881158406354287,23.194759280770633,0.962167753981613,COMPLETE
277,0.7555154695585612,2025-05-20 08:10:54.589757,2025-05-20 08:11:07.157285,0 days 00:00:12.567528,0.981171045601464,2.8398772222804536,0.19922584348377845,7,8,1,282,0.8174401042214843,0.07396650533209317,20.914206352739555,0.9634359479665645,COMPLETE
278,0.8032641317404472,2025-05-20 08:10:55.364757,2025-05-20 08:11:22.535339,0 days 00:00:27.170582,0.9827380294536237,0.26481168613509154,0.1933468595390251,7,8,1,263,0.8178661893693645,0.023283249848156107,27.38781204346685,0.8054185936100302,COMPLETE
279,0.7887227814393623,2025-05-20 08:11:01.711956,2025-05-20 08:11:28.811201,0 days 00:00:27.099245,0.9834659713863019,0.2649809713167917,0.058611043173054836,7,8,1,261,0.8124123383221747,0.01968498191932261,20.700692979634525,0.9726596178175603,COMPLETE
280,0.8094419710388394,2025-05-20 08:11:06.917286,2025-05-20 08:11:27.564896,0 days 00:00:20.647610,0.9330162298554388,0.25811998108264156,0.20266161183076195,7,8,1,262,0.3957484760204493,0.24212626342361712,20.875180779615814,0.9732547401086794,COMPLETE
281,0.8088052161597858,2025-05-20 08:11:07.160285,2025-05-20 08:11:27.857898,0 days 00:00:20.697613,0.9319513577078727,0.263065942775245,0.18959596016848915,7,8,1,261,0.3134909841712055,0.18917335582245015,23.315421420177053,0.9756756779861459,COMPLETE
282,0.8078322596396861,2025-05-20 08:11:10.073173,2025-05-20 08:11:33.786156,0 days 00:00:23.712983,0.9339405053236742,0.1843881897328183,0.1473432614107993,7,8,1,264,0.8149439193310207,0.024221680922604072,23.084072897567772,0.9714806086784284,COMPLETE
283,0.8095382422957241,2025-05-20 08:11:10.491597,2025-05-20 08:11:34.276775,0 days 00:00:23.785178,0.9645956584356791,0.13514198397116028,0.20260647155725942,7,8,1,263,0.3875348310535106,0.19163493950273114,27.253466282196086,0.9720229388340353,COMPLETE
284,0.8051898140583804,2025-05-20 08:11:12.186467,2025-05-20 08:11:41.001018,0 days 00:00:28.814551,0.9335220529189423,0.16022805311845922,0.058744139238096536,7,8,1,294,0.47228628293759584,0.02697159925075504,6.425828181630321,0.9736711194123412,COMPLETE
285,0.8055553943126356,2025-05-20 08:11:21.630094,2025-05-20 08:11:48.188440,0 days 00:00:26.558346,0.9654895184983341,0.00017157566097253385,0.20332529422998055,7,8,1,260,0.5211648669190497,0.047462000907909585,20.29908308799246,0.8378657507628378,COMPLETE
286,0.7990247739442069,2025-05-20 08:11:22.539339,2025-05-20 08:11:51.698719,0 days 00:00:29.159380,0.9651534840390902,0.0014135734519890447,0.20621792718331303,7,8,1,293,0.5199552476295811,0.03241523582473011,6.6084529416559405,0.7461908273645639,COMPLETE
287,0.8098507924003464,2025-05-20 08:11:27.567897,2025-05-20 08:11:54.023643,0 days 00:00:26.455746,0.9639170761166165,0.1576292037127126,0.20464002528085234,7,8,1,286,0.19652305003338283,0.044210451921520996,20.26078410133971,0.9534554861568799,COMPLETE
288,0.810078800937767,2025-05-20 08:11:27.860895,2025-05-20 08:11:55.940487,0 days 00:00:28.079592,0.965641800094594,0.13173267159872984,0.14851259944417455,7,8,1,292,0.20227667395231302,0.03540231337692566,20.246121901075213,0.9508388068516682,COMPLETE
289,0.8033577021362118,2025-05-20 08:11:28.814200,2025-05-20 08:11:44.044255,0 days 00:00:15.230055,0.9651359810456337,0.007029046448560408,0.14698973706883464,7,8,1,147,0.5319023201086172,0.04167496957408913,20.4163243023484,0.9517419983841524,COMPLETE
290,0.8114043094540756,2025-05-20 08:11:33.789158,2025-05-20 08:12:02.772086,0 days 00:00:28.982928,0.9648426434574175,0.0025032474134488066,0.2033817453465139,7,8,1,286,0.9002484485337641,0.07485980673395781,19.910605562570264,0.982170644541897,COMPLETE
291,0.7690333382612589,2025-05-20 08:11:34.279898,2025-05-20 08:11:44.648856,0 days 00:00:10.368958,0.9430926411874923,1.9639674043080184,0.20587553410136003,7,8,1,256,0.5170518948389035,0.6714001640249984,20.44616994927667,0.9526326854217236,COMPLETE
292,0.810111998277598,2025-05-20 08:11:41.003020,2025-05-20 08:12:08.407482,0 days 00:00:27.404462,0.9656617762878769,0.007895101302256824,0.20613562980652117,7,8,1,288,0.500560711250927,0.6699859713682351,20.435293627654957,0.9504863532789579,COMPLETE
293,0.805196295361587,2025-05-20 08:11:44.046255,2025-05-20 08:12:10.349257,0 days 00:00:26.303002,0.7653589791054521,0.00013771350001635235,0.2058691833152006,7,8,1,286,0.9059324129943119,0.07836078622440923,20.15098586461645,0.8443249309992898,COMPLETE
294,0.8099392106507146,2025-05-20 08:11:44.653377,2025-05-20 08:12:03.880115,0 days 00:00:19.226738,0.9546220860767043,0.08424200296585962,0.18737671298326306,7,8,1,197,0.8965881948105873,0.07160587300545324,22.089709454379992,0.9808152456478105,COMPLETE
295,0.7410643536740876,2025-05-20 08:11:48.191440,2025-05-20 08:11:56.450145,0 days 00:00:08.258705,0.956496882249286,3.7911462999444647,0.18622348080729384,7,8,1,195,0.8975610900347776,0.0835184073791166,18.916391932331642,0.9812461987749241,COMPLETE
296,0.7568280802286209,2025-05-20 08:11:51.700718,2025-05-20 08:12:05.630109,0 days 00:00:13.929391,0.9573801219503538,0.1067305981842817,0.19243203136620204,7,4,1,250,0.902146734920451,0.08074519266573288,10.153854066192135,0.9799589818967832,COMPLETE
297,0.8108594478411861,2025-05-20 08:11:54.027642,2025-05-20 08:12:09.664908,0 days 00:00:15.637266,0.9886325824723499,0.11764229317029222,0.18892405512125526,7,8,1,194,0.901561098987896,0.08177952050049483,9.503614353635802,0.9820117317152465,COMPLETE
298,0.8075416664389763,2025-05-20 08:11:55.944489,2025-05-20 08:12:11.050633,0 days 00:00:15.106144,0.9535472547878538,0.08011817398347792,0.18750637515198293,7,8,1,196,0.9044015848948546,0.43045915541402396,18.890453926168917,0.9811349325428539,COMPLETE
299,0.8032129375723054,2025-05-20 08:11:56.453144,2025-05-20 08:12:12.700768,0 days 00:00:16.247624,0.989847830708702,0.08850523000927354,0.16265888072861773,7,8,4,250,0.8390890269192245,0.43310761775946705,21.996228766087032,0.9827355017372689,COMPLETE
