number,value,datetime_start,datetime_complete,duration,params_colsample_bytree,params_gamma,params_learning_rate,params_max_delta_step,params_max_depth,params_min_child_weight,params_n_estimators,params_reg_alpha,params_reg_lambda,params_scale_pos_weight,params_subsample,state
170,0.8128689624738209,2025-05-20 08:05:57.011210,2025-05-20 08:06:19.967301,0 days 00:00:22.956091,0.9846877018465227,0.21815190372794174,0.2076471599718745,7,8,1,262,0.9571280558032161,0.06983791075480299,20.739938544962694,0.9602608831782606,COMPLETE
171,0.8017442964922636,2025-05-20 08:06:02.561306,2025-05-20 08:06:23.792667,0 days 00:00:21.231361,0.987737297387055,0.2112935707082953,0.1342470097715584,7,8,1,265,0.9718319169410454,0.07858865945615492,19.99428902435716,0.9904890901239088,COMPLETE
172,0.8104229089624466,2025-05-20 08:06:04.157199,2025-05-20 08:06:25.592767,0 days 00:00:21.435568,0.9844821479091538,0.20441542018227166,0.27420682413591524,7,8,1,263,0.9638704841103795,0.2233008319892129,18.67672338532633,0.9696354931744194,COMPLETE
173,0.8097955102681643,2025-05-20 08:06:09.283931,2025-05-20 08:06:31.854913,0 days 00:00:22.570982,0.9867066170743833,0.22716218761680548,0.2721810318708274,8,9,1,258,0.8461566768324316,0.030039088565714224,18.813517271633174,0.9603601985784344,COMPLETE
174,0.8087249139463392,2025-05-20 08:06:15.369328,2025-05-20 08:06:40.937542,0 days 00:00:25.568214,0.9602506503366087,0.22394499790628972,0.13062206863548043,8,9,1,247,0.962590535899595,0.13909091245063604,21.337342069229553,0.9612226897480178,COMPLETE
175,0.8092864486750584,2025-05-20 08:06:16.191262,2025-05-20 08:06:43.095503,0 days 00:00:26.904241,0.7258516223439401,0.2113502240330157,0.12917019708462016,8,9,1,266,0.9699846620543,0.03549404461108817,19.934406742765603,0.9603206567907974,COMPLETE
176,0.8053220928068068,2025-05-20 08:06:17.820362,2025-05-20 08:06:41.574257,0 days 00:00:23.753895,0.9463122009462279,0.22242013516519904,0.2713927435611341,8,9,1,263,0.9559785192948428,0.04113325023437932,24.185497405502293,0.9592822013044542,COMPLETE
177,0.8061601465683632,2025-05-20 08:06:19.725905,2025-05-20 08:06:38.244471,0 days 00:00:18.518566,0.9590726004544542,0.17881301773306799,0.2739372945810051,8,9,1,207,0.9638309944902882,0.2140242863908026,21.426377949982257,0.9790749545023542,COMPLETE
178,0.8096034119833193,2025-05-20 08:06:19.970301,2025-05-20 08:06:44.274497,0 days 00:00:24.304196,0.9786506296749954,0.20584039945655103,0.18692555069856437,8,9,1,265,0.9647973633522088,0.13096872289088105,19.47217567653439,0.9708031145289946,COMPLETE
179,0.8087690587016668,2025-05-20 08:06:23.795666,2025-05-20 08:06:48.334250,0 days 00:00:24.538584,0.9785316302265892,0.20566470650435947,0.19491547781571616,8,9,1,260,0.9621779697202352,0.14267153652201342,25.152624328524855,0.9681437763956422,COMPLETE
180,0.8081642285820292,2025-05-20 08:06:25.596340,2025-05-20 08:06:47.280467,0 days 00:00:21.684127,0.9799499020758363,0.2190142805442667,0.2679849301114385,8,8,1,261,0.9476325373798785,0.2160906842596219,18.512390921599344,0.970403597865404,COMPLETE
181,0.8088102589206665,2025-05-20 08:06:31.860911,2025-05-20 08:06:54.470351,0 days 00:00:22.609440,0.9766427135179615,0.20541869112483985,0.2856005738941967,8,8,1,262,0.8717014194492885,0.13908215646829303,19.484946924703593,0.9680754326323453,COMPLETE
182,0.8075590119209165,2025-05-20 08:06:38.248472,2025-05-20 08:07:02.800667,0 days 00:00:24.552195,0.9758277059763262,0.14231644474775312,0.183184162164163,7,8,1,264,0.9486953879273063,0.1513071063744986,19.07997140499877,0.9801391852168608,COMPLETE
183,0.8096523328877507,2025-05-20 08:06:40.941543,2025-05-20 08:07:06.751855,0 days 00:00:25.810312,0.9781024395288772,0.11182287907062857,0.18936511776613538,7,8,1,263,0.9366842744657425,0.14409991242878248,19.439715405947222,0.9700448135494297,COMPLETE
184,0.7932132488352513,2025-05-20 08:06:41.579257,2025-05-20 08:06:52.381037,0 days 00:00:10.801780,0.9787909593443151,0.37155646103964957,0.1885079951304949,7,8,1,101,0.9368894425682405,0.13125528532653732,19.68531066894646,0.9711045099774824,COMPLETE
185,0.8130791770047849,2025-05-20 08:06:43.099010,2025-05-20 08:07:08.250914,0 days 00:00:25.151904,0.9775348393190403,0.10254553875213962,0.18323938379486115,7,8,1,261,0.8696148483651909,0.12681146641443303,18.581628183385988,0.9801975393206481,COMPLETE
186,0.8034729121018429,2025-05-20 08:06:44.277496,2025-05-20 08:07:00.540132,0 days 00:00:16.262636,0.9772490776720089,0.3680113456083373,0.22406391563971004,7,8,1,258,0.9354812661211045,0.14793376742120012,17.065609206046616,0.9813085671972301,COMPLETE
187,0.8033962177840419,2025-05-20 08:06:47.282466,2025-05-20 08:07:03.678171,0 days 00:00:16.395705,0.9743438318777349,0.4012799836092126,0.22104620040098086,7,8,1,270,0.9369081898263574,0.14893189802177517,17.01649129883213,0.9815905716135713,COMPLETE
188,0.7344121595198491,2025-05-20 08:06:48.339252,2025-05-20 08:07:18.170545,0 days 00:00:29.831293,0.9739174675539828,0.3441084281568562,0.01484727052154436,7,8,1,270,0.869488501104074,0.1233140854291307,17.040779340142368,0.9666448877834489,COMPLETE
189,0.8088865961876122,2025-05-20 08:06:52.385037,2025-05-20 08:07:16.751192,0 days 00:00:24.366155,0.9718291939983895,0.1061380105230484,0.22185924495903675,7,8,1,257,0.8674007530836103,0.05345711426251758,17.043230231945724,0.9811324002833209,COMPLETE
190,0.812534924667532,2025-05-20 08:06:54.473348,2025-05-20 08:07:20.086871,0 days 00:00:25.613523,0.9698544598216972,0.1029788188823217,0.22049347858661464,7,8,1,270,0.8709367989590019,0.09932320935359648,17.068989598835348,0.9803037256108013,COMPLETE
191,0.8076740831966355,2025-05-20 08:07:00.543136,2025-05-20 08:07:19.493324,0 days 00:00:18.950188,0.9662805571363247,0.10367038080505452,0.2406228789000916,7,8,1,246,0.8289919062056716,0.1147140309821599,17.210916865070327,0.9987685298835115,COMPLETE
192,0.79706513965603,2025-05-20 08:07:02.804670,2025-05-20 08:07:15.613482,0 days 00:00:12.808812,0.9677112651341346,0.09600207693781568,0.231920735063833,7,7,1,128,0.8749275905608808,0.052675210708843276,17.261898849629222,0.9880532907760167,COMPLETE
193,0.8061463897068266,2025-05-20 08:07:03.681180,2025-05-20 08:07:26.289236,0 days 00:00:22.608056,0.9660015971210439,0.10552670185595026,0.2338669481109857,7,7,1,273,0.870755990841054,0.1163175384452387,18.60773473854852,0.9910179093182736,COMPLETE
194,0.8080885525265643,2025-05-20 08:07:06.757402,2025-05-20 08:07:22.689848,0 days 00:00:15.932446,0.9676184268651159,0.10719563944158161,0.23428665506305305,7,7,1,192,0.8759028792679717,0.11851009759891126,9.586479449045049,0.9977731159923001,COMPLETE
195,0.808837974120352,2025-05-20 08:07:08.255023,2025-05-20 08:07:31.531572,0 days 00:00:23.276549,0.9691037931372009,3.4986644548061496e-05,0.25271891099661736,7,7,1,246,0.9972968723309366,0.11305033710755848,18.500971003070866,0.9986415146099097,COMPLETE
196,0.8067525442839012,2025-05-20 08:07:15.617102,2025-05-20 08:07:28.032282,0 days 00:00:12.415180,0.9638208893891801,0.11276057903567065,0.251189067588496,7,8,1,117,0.8312179222442019,0.09747404652048837,18.499248727679927,0.9985762599364421,COMPLETE
197,0.8120182553393913,2025-05-20 08:07:16.755193,2025-05-20 08:07:37.720067,0 days 00:00:20.964874,0.9648137483504609,0.08438299781568032,0.2519630133693975,7,8,1,248,0.8250828729486116,0.11360975685451856,21.816606806695674,0.9958184978066734,COMPLETE
198,0.8115080911907224,2025-05-20 08:07:18.173547,2025-05-20 08:07:43.739493,0 days 00:00:25.565946,0.9629034951649477,0.007220671100620621,0.17672846654563773,7,8,1,246,0.8361869331808033,0.09970646697105345,18.175031756277463,0.9613503242496599,COMPLETE
199,0.7878418766062772,2025-05-20 08:07:19.496324,2025-05-20 08:07:46.188494,0 days 00:00:26.692170,0.993614314317191,0.3151137171097961,0.04450140867826223,7,9,1,225,0.8271673106222495,0.10699379854760026,18.625735784584535,0.9622690420151,COMPLETE
200,0.8092795163271393,2025-05-20 08:07:20.090871,2025-05-20 08:07:42.264532,0 days 00:00:22.173661,0.963758591754005,0.07617455598153688,0.24871144424743835,7,8,1,256,0.8291901407176553,0.09329856821409756,18.689917975484672,0.99362415456072,COMPLETE
201,0.7568394499524075,2025-05-20 08:07:22.692848,2025-05-20 08:07:32.877686,0 days 00:00:10.184838,0.9573892781616216,2.4188237880867995,0.25311537515685434,7,8,1,273,0.8421459401778215,0.09816863566295599,18.066754466193142,0.9770444113306987,COMPLETE
202,0.8082523597138233,2025-05-20 08:07:26.292238,2025-05-20 08:07:53.423185,0 days 00:00:27.130947,0.959536352183066,0.0029657586033761674,0.2544352091906673,7,8,1,255,0.8197672094969994,0.0977022175377719,21.424745565753774,0.9615800128992574,COMPLETE
203,0.810454718954208,2025-05-20 08:07:28.035282,2025-05-20 08:07:55.190008,0 days 00:00:27.154726,0.9556774646517747,0.01880838516338916,0.17975493322067096,6,8,1,256,0.8296424001917069,0.09529658990914924,21.60198360880494,0.9761320613663874,COMPLETE
204,0.7674892269126076,2025-05-20 08:07:31.535174,2025-05-20 08:07:54.496840,0 days 00:00:22.961666,0.9571833921402424,0.2870693880860136,0.0425168731045791,6,8,1,212,0.8325634683363122,0.005732367551808296,15.92538552539048,0.9759337086819344,COMPLETE
205,0.8105744574698239,2025-05-20 08:07:32.879686,2025-05-20 08:07:59.996449,0 days 00:00:27.116763,0.9932961804913815,0.011312510276819255,0.18015466925256918,6,8,1,255,0.8869570822612838,0.4351501918818492,21.359349709673523,0.9620736772554097,COMPLETE
206,0.8046911217264775,2025-05-20 08:07:37.723067,2025-05-20 08:07:58.330144,0 days 00:00:20.607077,0.9943771703258135,0.31862983069127093,0.29855862754969076,6,8,1,267,0.8256856396687269,0.014444339018528388,21.26605745930376,0.9624877158113053,COMPLETE
207,0.7407039497926029,2025-05-20 08:07:42.271534,2025-05-20 08:07:55.749549,0 days 00:00:13.478015,0.9950359580908142,0.29823280180896317,0.21649010426345958,6,4,1,212,0.7750825309441428,0.16104755417023264,23.404617290966264,0.9639193496396858,COMPLETE
208,0.7487172919424243,2025-05-20 08:07:43.743495,2025-05-20 08:07:53.150489,0 days 00:00:09.406994,0.9827168598390128,4.124255275439534,0.213284273557403,6,8,1,248,0.8557186733711849,0.08126924770158901,16.141243165142406,0.9598212713501884,COMPLETE
209,0.8074399871372107,2025-05-20 08:07:46.191502,2025-05-20 08:08:11.260343,0 days 00:00:25.068841,0.9908365508498022,0.00284148266874739,0.2992476899491772,6,8,1,249,0.8645290601717441,0.2070277543329298,23.29432019665682,0.9603544611881178,COMPLETE
210,0.8117412311167037,2025-05-20 08:07:53.153489,2025-05-20 08:08:13.336000,0 days 00:00:20.182511,0.9586576137631401,0.00409953785588979,0.1805088198375132,6,8,1,205,0.4549692083259122,0.0911061019688634,22.023394704657406,0.9728826563789731,COMPLETE
211,0.8080775097296957,2025-05-20 08:07:53.426185,2025-05-20 08:08:10.874106,0 days 00:00:17.447921,0.9920066720444853,0.26068575636647673,0.18005722249875597,6,8,1,212,0.8553744187008304,0.21247459693870385,15.961766001637246,0.9771046743011237,COMPLETE
212,0.8096071654328775,2025-05-20 08:07:54.499840,2025-05-20 08:08:14.249697,0 days 00:00:19.749857,0.9823865391128014,0.29369163830826217,0.1843490674099135,7,8,1,251,0.9215732153955635,0.16213387040819324,22.014786836416263,0.9724977990364081,COMPLETE
213,0.8087420332402615,2025-05-20 08:07:55.193516,2025-05-20 08:08:15.196356,0 days 00:00:20.002840,0.9432105702822592,0.009259934371121128,0.17930862461792202,6,8,1,199,0.7673114187540447,0.05908450938606839,22.08269095404651,0.9859382892567864,COMPLETE
214,0.8117548322176201,2025-05-20 08:07:55.751550,2025-05-20 08:08:21.897883,0 days 00:00:26.146333,0.9533031694519921,0.008388000308302626,0.18251677424901888,7,8,1,267,0.9182775092802139,0.28854906429141175,21.59396422308312,0.9853148009807666,COMPLETE
215,0.8076375240964552,2025-05-20 08:07:58.333143,2025-05-20 08:08:22.775585,0 days 00:00:24.442442,0.9425974871277898,0.13379168774228573,0.18316048244298297,7,8,1,251,0.8552266793171701,0.07275083020492981,19.935635362505344,0.8882710318596556,COMPLETE
216,0.8109345011064051,2025-05-20 08:07:59.998451,2025-05-20 08:08:24.550986,0 days 00:00:24.552535,0.9488660806594682,0.015925483037840804,0.18152686032452747,6,8,1,251,0.7922856586022452,0.42295483513976484,21.930983790654697,0.9843405391557489,COMPLETE
217,0.8067338408321418,2025-05-20 08:08:10.877106,2025-05-20 08:08:36.146140,0 days 00:00:25.269034,0.9494757548568281,0.019831003984313395,0.19369795711618223,7,8,1,251,0.7922897939360222,0.06250448943109534,21.85964329920282,0.8899833499104065,COMPLETE
218,0.8090490021383856,2025-05-20 08:08:11.263344,2025-05-20 08:08:34.216899,0 days 00:00:22.953555,0.9508252276194304,0.13745854004903083,0.17979570283099983,7,8,1,253,0.8913253247224585,0.35714093805684255,21.455021207489683,0.9715549574246924,COMPLETE
219,0.8086708352166502,2025-05-20 08:08:13.339000,2025-05-20 08:08:38.677835,0 days 00:00:25.338835,0.9469807956903654,0.0029489334978879743,0.1959398106626351,6,8,1,260,0.9213268168198838,0.33565631350020364,21.913319543662116,0.9854991172882949,COMPLETE
220,0.8050949849314559,2025-05-20 08:08:14.253699,2025-05-20 08:08:32.748702,0 days 00:00:18.495003,0.9489387818601787,0.11894787985087985,0.17935779224597767,6,8,1,198,0.7868138869900146,0.5833207062794153,22.082815300039154,0.9853651296090841,COMPLETE
221,0.8096070933656367,2025-05-20 08:08:15.199355,2025-05-20 08:08:39.203835,0 days 00:00:24.004480,0.9493167418234643,0.12064126929267933,0.20269899706200956,6,8,1,260,0.8902639552764127,0.3465823074735842,20.499286347959032,0.9694468539039421,COMPLETE
222,0.8102362303258619,2025-05-20 08:08:21.900883,2025-05-20 08:08:45.182934,0 days 00:00:23.282051,0.9530961703731005,0.09881011535861073,0.19713467036341745,6,8,1,259,0.8027606090771817,0.07871797720969186,22.240603376188673,0.9866256207904779,COMPLETE
223,0.8080456794626171,2025-05-20 08:08:22.779585,2025-05-20 08:08:42.015333,0 days 00:00:19.235748,0.9513256741988428,0.10828324458713398,0.1940424822584156,6,8,1,205,0.7946684484568084,0.44628312724894437,22.029634973487305,0.9856140586909222,COMPLETE
224,0.8084328387278452,2025-05-20 08:08:24.554995,2025-05-20 08:08:47.536410,0 days 00:00:22.981415,0.9499161071953786,0.11385840621560611,0.1974310213425304,6,8,1,259,0.7932221021963274,0.45407472337268295,22.787791562189263,0.9869398734789446,COMPLETE
225,0.8098762619279489,2025-05-20 08:08:32.751703,2025-05-20 08:08:52.438503,0 days 00:00:19.686800,0.9558582009271336,0.11155391040538164,0.1984000123553405,7,8,1,204,0.8879791423583497,0.4121519515229314,20.67300469490695,0.9861701611026725,COMPLETE
226,0.8083728032545686,2025-05-20 08:08:34.221900,2025-05-20 08:08:54.612629,0 days 00:00:20.390729,0.961840327889658,0.07772133063181264,0.2085807286369153,6,8,1,203,0.7934588148964928,0.31256033315583676,22.772068556919297,0.9822687225561876,COMPLETE
227,0.8097215895147679,2025-05-20 08:08:36.149141,2025-05-20 08:08:58.231787,0 days 00:00:22.082646,0.9605942321527788,0.0006199203262304137,0.19867547815511014,6,8,1,206,0.44631755733451073,0.46587512121609126,20.590761652806133,0.9852056648966042,COMPLETE
228,0.8088127844262951,2025-05-20 08:08:38.680836,2025-05-20 08:08:59.355173,0 days 00:00:20.674337,0.9558649132914864,0.09693100449055359,0.20083509047681922,6,8,1,205,0.8954729883062971,0.5055182166603557,20.245116974933758,0.9793549613970018,COMPLETE
229,0.8099183661213809,2025-05-20 08:08:39.207837,2025-05-20 08:09:05.277455,0 days 00:00:26.069618,0.9566996277710741,0.10578807452847226,0.15645252370143045,6,8,1,256,0.8004725012640198,0.5085256889398766,22.69095242604582,0.9779483389146113,COMPLETE
230,0.807339440880862,2025-05-20 08:08:42.018333,2025-05-20 08:09:07.910962,0 days 00:00:25.892629,0.9559207975487096,0.0019071343426308278,0.15852990312817694,6,8,1,246,0.4666453560087749,0.26954943494781214,23.150031388022068,0.9792335612806444,COMPLETE
231,0.8081699189486431,2025-05-20 08:08:45.185942,2025-05-20 08:09:08.894144,0 days 00:00:23.708202,0.9593084815335722,0.16909208878376333,0.15949329970848045,7,8,1,246,0.7156830937388498,0.2698685985572757,23.139396049692117,0.9779568893474021,COMPLETE
232,0.810580966062501,2025-05-20 08:08:47.539410,2025-05-20 08:09:13.571825,0 days 00:00:26.032415,0.9593855709156538,0.006976492532166242,0.15541119305433893,7,8,1,247,0.9199702317338491,0.387070584425191,20.938362004980995,0.9772587657642658,COMPLETE
233,0.8107855111593103,2025-05-20 08:08:52.443566,2025-05-20 08:09:17.734046,0 days 00:00:25.290480,0.9604281682291826,0.021473481250686155,0.15873857394748542,7,8,1,245,0.8481536342197393,0.09210430374438237,24.86124704768315,0.9771738861240125,COMPLETE
234,0.8093275541019208,2025-05-20 08:08:54.616232,2025-05-20 08:09:19.394413,0 days 00:00:24.778181,0.9578868984183373,0.00026385572288001313,0.16038416974838726,7,8,1,246,0.4693919818629385,0.5155704544800062,24.136823699663896,0.9772936248346722,COMPLETE
235,0.8112933441277533,2025-05-20 08:08:58.234790,2025-05-20 08:09:19.371414,0 days 00:00:21.136624,0.972575982286916,0.17737913350831097,0.2167917197349115,7,8,1,247,0.8480609087991987,0.5187437592026396,21.019862532195663,0.9798021842166683,COMPLETE
236,0.8025487103605953,2025-05-20 08:08:59.358173,2025-05-20 08:09:22.842705,0 days 00:00:23.484532,0.9691176420611652,0.1873083219011502,0.16740968769213002,7,8,3,245,0.847482669778463,0.2602196938825502,24.941061207833062,0.9070787065354574,COMPLETE
237,0.8091671683091898,2025-05-20 08:09:05.280456,2025-05-20 08:09:27.967940,0 days 00:00:22.687484,0.9734451492090527,0.20245765556651046,0.16050957199702437,7,8,1,244,0.8553449050682237,0.12729749968106102,21.382174807761352,0.9554301228748392,COMPLETE
238,0.8079625169318646,2025-05-20 08:09:07.915105,2025-05-20 08:09:31.987896,0 days 00:00:24.072791,0.9715106381464945,0.20694962615999307,0.17022137022169903,7,8,1,267,0.9813899986565706,0.23560276584762146,24.741603993352005,0.9556346642893644,COMPLETE
239,0.8108965101104108,2025-05-20 08:09:08.897142,2025-05-20 08:09:32.305614,0 days 00:00:23.408472,0.9729613764901753,0.19539450597441838,0.17438923783893068,7,8,1,267,0.3356197823758322,0.23857243003050174,24.288831539615334,0.9680323579133366,COMPLETE
240,0.8113317508738118,2025-05-20 08:09:13.575340,2025-05-20 08:09:37.292633,0 days 00:00:23.717293,0.9717105578694969,0.1900123045994484,0.17161720376374187,7,8,1,254,0.8470051852519124,0.12344769935329597,24.127411063734506,0.9541380423223123,COMPLETE
241,0.8055688225976816,2025-05-20 08:09:17.737047,2025-05-20 08:09:40.153639,0 days 00:00:22.416592,0.9719000465117109,0.2039116256199421,0.17594664672886845,7,8,1,238,0.9153481953839129,0.41558523538373826,26.1471420964435,0.9553397895918467,COMPLETE
242,0.7999159018144829,2025-05-20 08:09:19.377414,2025-05-20 08:09:39.961445,0 days 00:00:20.584031,0.9704199596247075,0.18193733692724953,0.1672088087083165,7,8,3,244,0.8625952223037365,0.12703552873398918,25.383455962613578,0.9928490536275282,COMPLETE
243,0.8022836810847116,2025-05-20 08:09:19.400413,2025-05-20 08:09:36.902984,0 days 00:00:17.502571,0.9709711233499062,0.20613897232661613,0.21893042423095185,7,8,3,239,0.8497838774426406,0.12315350596481413,17.762615987007088,0.9936324361566695,COMPLETE
244,0.8050858389858245,2025-05-20 08:09:22.845704,2025-05-20 08:09:46.540767,0 days 00:00:23.695063,0.9722895084958468,0.23218963978660923,0.21839288087364087,7,8,1,241,0.9122237873326305,0.128448254894098,26.032109339994175,0.8535131337367405,COMPLETE
245,0.8094882026907525,2025-05-20 08:09:27.970942,2025-05-20 08:09:44.995467,0 days 00:00:17.024525,0.9640457157348833,0.20564193817092458,0.2147759248851149,7,8,1,239,0.6465897026298859,0.382123460063887,17.73816641465336,0.9929027210186827,COMPLETE
246,0.8051253120964923,2025-05-20 08:09:31.991613,2025-05-20 08:09:55.896222,0 days 00:00:23.904609,0.9635543995539716,0.198277215381836,0.21996839250809608,7,8,1,239,0.9230528184212073,0.13098493417025842,17.605301029735138,0.8524316771048005,COMPLETE
247,0.8087688637614281,2025-05-20 08:09:32.308614,2025-05-20 08:09:54.238320,0 days 00:00:21.929706,0.9637913504896559,0.18657973747922477,0.21828088303926632,7,8,1,240,0.5103141295828211,0.13206447430565083,26.22497210088191,0.9667220998786793,COMPLETE
248,0.8111945360504729,2025-05-20 08:09:36.905986,2025-05-20 08:09:58.221339,0 days 00:00:21.315353,0.9660818159613759,0.18968997265813084,0.2282700296038171,7,8,1,239,0.922106239718456,0.3742078584938352,19.533875103313996,0.9686303932770483,COMPLETE
249,0.8092828977409339,2025-05-20 08:09:37.298634,2025-05-20 08:10:01.367212,0 days 00:00:24.068578,0.9654126418027589,0.19414221327256537,0.2117729613062609,7,8,1,268,0.8661237340108,0.09448461955232015,26.238744038001727,0.9678719188803833,COMPLETE
250,0.8111357752630036,2025-05-20 08:09:39.964452,2025-05-20 08:10:03.041084,0 days 00:00:23.076632,0.9666271023979705,0.2422356554048689,0.2112000369389346,7,8,1,268,0.41474425976945334,0.08675355578227197,24.12917021433019,0.9674842311318831,COMPLETE
251,0.8059250728214081,2025-05-20 08:09:40.158639,2025-05-20 08:10:01.815895,0 days 00:00:21.657256,0.9645855651266955,0.2858563854017282,0.21876292184571652,7,8,1,268,0.8430035947955173,0.09373049138040475,23.77165989599275,0.9658723402142357,COMPLETE
252,0.8104016106893847,2025-05-20 08:09:44.998467,2025-05-20 08:10:10.967076,0 days 00:00:25.968609,0.9638781428617539,0.11769143763953421,0.22119748238083836,7,8,1,276,0.32985611162714995,0.09281046948662569,23.703027619741746,0.9680966884520293,COMPLETE
253,0.8081031993939142,2025-05-20 08:09:46.543766,2025-05-20 08:10:10.698350,0 days 00:00:24.154584,0.9641630439877348,0.09891316579599214,0.18894995711128498,7,8,1,251,0.8170840450975829,0.09845713961160889,33.28475636714815,0.9685218870411542,COMPLETE
254,0.8067983699985787,2025-05-20 08:09:54.241322,2025-05-20 08:10:19.996447,0 days 00:00:25.755125,0.9781688078934081,0.10480510684451931,0.18765682164509653,7,8,1,268,0.392422624802411,0.10138532620542284,29.44917537022654,0.9704191399811336,COMPLETE
