number,value,datetime_start,datetime_complete,duration,params_colsample_bytree,params_gamma,params_learning_rate,params_max_delta_step,params_max_depth,params_min_child_weight,params_n_estimators,params_reg_alpha,params_reg_lambda,params_scale_pos_weight,params_subsample,state
84,0.8026040843917608,2025-06-15 14:04:23.394832,2025-06-15 14:04:46.031606,0 days 00:00:22.636774,0.8564615878375572,0.6368686261617271,0.09380613123540647,0,8,1,292,0.7070975880737178,0.3422515731299064,11.113342758663762,0.8977758720367577,COMPLETE
85,0.7851836609463173,2025-06-15 14:04:27.699818,2025-06-15 14:04:49.133448,0 days 00:00:21.433630,0.8590940345459517,0.6566449627873621,0.06020295513058847,0,4,1,289,0.6758372690199168,0.35102468774283885,2.9013488332518613,0.8976988316704353,COMPLETE
86,0.7763358734724631,2025-06-15 14:04:30.145737,2025-06-15 14:04:54.182816,0 days 00:00:24.037079,0.8220064233506316,0.6848809947444714,0.06270837374192914,0,5,1,292,0.7151524889025744,0.34876445563074376,11.239690338681259,0.9043942594985902,COMPLETE
87,0.6917001774660911,2025-06-15 14:04:31.767347,2025-06-15 14:04:42.324281,0 days 00:00:10.556934,0.8174765416925508,0.64203608198952,0.0383390659015745,0,5,1,107,0.6685060601386157,0.334219128747648,19.17119621448844,0.8944016613700173,COMPLETE
88,0.8043474892918558,2025-06-15 14:04:36.492193,2025-06-15 14:05:06.027252,0 days 00:00:29.535059,0.8197180985358125,0.6556229037375065,0.03643508621987475,0,9,1,284,0.7025346147113671,0.3378730047009579,6.526965432981938,0.9002676713851894,COMPLETE
89,0.8094089655684357,2025-06-15 14:04:39.488567,2025-06-15 14:05:02.048386,0 days 00:00:22.559819,0.8214836321717335,0.64872654998041,0.0906575796488215,2,9,1,291,0.6905833861806028,0.34166416571795016,2.9940495368467523,0.896875025513823,COMPLETE
90,0.8048798675116237,2025-06-15 14:04:42.327280,2025-06-15 14:04:58.643866,0 days 00:00:16.316586,0.8348201195262216,1.3745833642879086,0.0918823635643174,2,9,1,289,0.7211274650674724,0.004862446979148477,2.6618032597210846,0.9006990958821763,COMPLETE
91,0.8005180052902447,2025-06-15 14:04:43.266472,2025-06-15 14:05:06.312587,0 days 00:00:23.046115,0.859945263556245,0.6545372910763605,0.09484074762221338,2,7,1,274,0.7275001288850449,0.346170880288462,10.900499069091758,0.8990137877526514,COMPLETE
92,0.8099424827990609,2025-06-15 14:04:43.435124,2025-06-15 14:05:11.786106,0 days 00:00:28.350982,0.8213208998132365,0.16855560569153985,0.08019748851493787,2,7,1,271,0.7194615658036344,0.4019350137619337,2.7830131364665647,0.9006454659548945,COMPLETE
93,0.7958703630760757,2025-06-15 14:04:46.034125,2025-06-15 14:05:01.009453,0 days 00:00:14.975328,0.8299465309567818,1.2780099600145274,0.09499246577779508,2,7,1,274,0.8198010657432846,0.4104548416199315,2.4907628907690547,0.9260969449963434,COMPLETE
94,0.8077567818728897,2025-06-15 14:04:49.136963,2025-06-15 14:05:16.466604,0 days 00:00:27.329641,0.8295779249886462,0.1899525359628974,0.09410978765325234,2,7,1,272,0.7523621284385161,0.043759202068780645,6.694295598073481,0.8505063204328067,COMPLETE
95,0.8087744482468405,2025-06-15 14:04:54.185565,2025-06-15 14:05:21.768664,0 days 00:00:27.583099,0.8692408770802694,0.15770243944064208,0.14776852983259806,2,7,1,272,0.7645880481786413,0.38924910642808963,14.214715172326617,0.8489082604896334,COMPLETE
96,0.8041094957529836,2025-06-15 14:04:58.651914,2025-06-15 14:05:24.587096,0 days 00:00:25.935182,0.8706941813704371,0.16589268430341003,0.13310182671680873,2,7,5,271,0.7908838121154304,0.38988548959821095,6.796681978901079,0.9228089612901066,COMPLETE
97,0.799621167832447,2025-06-15 14:05:01.012464,2025-06-15 14:05:29.315233,0 days 00:00:28.302769,0.8720478062166498,0.3745546492725699,0.08342309376706757,2,8,5,269,0.7882390265516314,0.5014529606146074,6.891188226283117,0.8469728658845589,COMPLETE
98,0.810968411733856,2025-06-15 14:05:02.054420,2025-06-15 14:05:29.152923,0 days 00:00:27.098503,0.8730655647156608,0.39104857819671685,0.10307874862846782,2,8,1,298,0.7671423628659265,0.5080932600755358,6.64247635171525,0.8475207711417921,COMPLETE
99,0.8093409292016652,2025-06-15 14:05:06.030253,2025-06-15 14:05:31.093060,0 days 00:00:25.062807,0.8742748386683067,0.37125832574820816,0.10630590696669498,2,8,1,296,0.5793164004447066,0.21187491213668924,5.1075753161298945,0.8487825270485676,COMPLETE
100,0.8054415522935731,2025-06-15 14:05:06.315106,2025-06-15 14:05:34.164725,0 days 00:00:27.849619,0.8737143169873264,0.170435061517571,0.10798516868593831,1,8,5,270,0.8073038668885378,0.2112801997480012,5.025172252777299,0.8482560004419388,COMPLETE
101,0.7835030828834821,2025-06-15 14:05:11.789944,2025-06-15 14:05:37.086709,0 days 00:00:25.296765,0.7983977386301617,0.17335890097529144,0.11187488991968624,3,6,5,299,0.7783417046166402,0.3869349002937468,23.463003448602144,0.9254419023382338,COMPLETE
102,0.8107226639186041,2025-06-15 14:05:16.469606,2025-06-15 14:05:38.331690,0 days 00:00:21.862084,0.8046533264793995,0.40558732994005353,0.11217118834326886,1,8,1,250,0.7781273850750164,0.31383082489601494,5.169088935509473,0.8839633790334439,COMPLETE
103,0.8012904626062515,2025-06-15 14:05:21.773631,2025-06-15 14:05:43.576577,0 days 00:00:21.802946,0.7997281949439697,0.38923294652097,0.1614173408787924,3,6,1,297,0.768639010540561,0.3874507897694873,14.438706809068105,0.8314888381449316,COMPLETE
104,0.7939513272579348,2025-06-15 14:05:24.591097,2025-06-15 14:05:45.184045,0 days 00:00:20.592948,0.8050371058876291,0.4199348650654401,0.1067172190146779,3,6,1,262,0.5811645745276574,0.3861005660265961,23.870509758719123,0.8515748807393551,COMPLETE
105,0.8036340230907374,2025-06-15 14:05:29.156985,2025-06-15 14:05:52.531672,0 days 00:00:23.374687,0.7985261120696177,0.4354303240405485,0.1055328896875233,3,6,1,299,0.5835785350500369,0.5330228553178933,14.396912360122458,0.8510492490253265,COMPLETE
106,0.7536507239621079,2025-06-15 14:05:29.326300,2025-06-15 14:05:40.141342,0 days 00:00:10.815042,0.811381290067019,4.503354642693983,0.17380270767353923,3,6,1,295,0.8885506803838761,0.5040628557268271,8.527322060689091,0.8318727619480715,COMPLETE
107,0.8036171918527415,2025-06-15 14:05:31.096059,2025-06-15 14:05:54.718087,0 days 00:00:23.622028,0.8065591708206463,0.15077219225344873,0.1943961528819042,3,6,1,296,0.89861002614773,0.4982451270848312,14.241000991683178,0.8340553594102806,COMPLETE
108,0.8078354401114162,2025-06-15 14:05:34.168650,2025-06-15 14:05:55.644265,0 days 00:00:21.475615,0.7922979276879517,0.43103761835401866,0.173604663897415,3,7,1,296,0.8867247495094308,0.4987948880089818,8.863763258280784,0.8680547388763038,COMPLETE
109,0.8100137668670083,2025-06-15 14:05:37.090710,2025-06-15 14:06:00.722776,0 days 00:00:23.632066,0.8766595382791391,0.41520968962908583,0.15584989407456787,3,7,1,278,0.5818844102908514,0.43598919315837553,13.565903157111212,0.8327661417911315,COMPLETE
110,0.8071851751379013,2025-06-15 14:05:38.341214,2025-06-15 14:06:02.499685,0 days 00:00:24.158471,0.8103144212595985,0.40129457791180545,0.16517807352605052,3,7,1,296,0.5779468984284823,0.4380860163423235,8.728172816352942,0.8285401316687752,COMPLETE
111,0.8037839220609246,2025-06-15 14:05:40.143856,2025-06-15 14:06:01.910536,0 days 00:00:21.766680,0.7961065294069929,0.5185597214976188,0.1606186154937578,2,7,1,280,0.590998916789484,0.3163308377299646,14.302543334569336,0.8684824292948867,COMPLETE
112,0.7941502606183143,2025-06-15 14:05:43.581091,2025-06-15 14:06:04.337651,0 days 00:00:20.756560,0.774251902171975,0.9399679872406296,0.10540654678788502,2,7,1,280,0.5808641776784539,0.3153367156424471,13.531344865848254,0.8688690484440375,COMPLETE
113,0.797879412249429,2025-06-15 14:05:45.187046,2025-06-15 14:06:05.607199,0 days 00:00:20.420153,0.8659696669785749,0.9624455162647508,0.13005843147175547,2,7,1,281,0.6943339721137503,0.4346300839535554,14.271489952884703,0.8671322331196227,COMPLETE
114,0.8088837594545237,2025-06-15 14:05:52.534668,2025-06-15 14:06:14.104391,0 days 00:00:21.569723,0.8376956491275803,0.538533175993844,0.133613414568848,2,7,1,278,0.6882746878671964,0.4246251674598709,3.572022607162168,0.8695746562525835,COMPLETE
115,0.803853765716051,2025-06-15 14:05:54.721087,2025-06-15 14:06:11.814982,0 days 00:00:17.093895,0.8652113726602202,0.9216252369478923,0.1316451331573908,2,7,1,283,0.8543272929922241,0.3106240717316297,3.445808291781578,0.8696077334138032,COMPLETE
116,0.789292814497581,2025-06-15 14:05:55.653280,2025-06-15 14:06:10.948266,0 days 00:00:15.294986,0.9081312848079794,1.9403150536398535,0.13205055704371377,2,8,1,281,0.6903619087640768,0.40833271023950896,7.697594703277017,0.8256854852309645,COMPLETE
117,0.8032343094802634,2025-06-15 14:06:00.725784,2025-06-15 14:06:25.783658,0 days 00:00:25.057874,0.8911291502953677,0.5578970987640625,0.12966432852281964,2,7,1,278,0.5202043407351559,0.43008614799379374,15.921087560539423,0.8251106450960493,COMPLETE
118,0.8093929848113716,2025-06-15 14:06:01.914535,2025-06-15 14:06:20.247113,0 days 00:00:18.332578,0.8639976192756683,0.9521811926845394,0.126774420587561,2,8,1,277,0.6840387656034134,0.4367058610057822,3.3952613292799376,0.8242452231171923,COMPLETE
119,0.7998491749553287,2025-06-15 14:06:02.503188,2025-06-15 14:06:23.711050,0 days 00:00:21.207862,0.8646245104644108,0.9619908782454483,0.1322374246950393,2,8,1,278,0.6869777377354739,0.2660540411437263,16.152374472646514,0.8235652631238319,COMPLETE
120,0.8074926966777424,2025-06-15 14:06:04.341667,2025-06-15 14:06:31.327337,0 days 00:00:26.985670,0.8665623447241758,0.5410875323732396,0.08602464407312929,1,8,1,276,0.684738400089211,0.4138967673750043,15.197431954250266,0.8232158309434827,COMPLETE
121,0.809514705025116,2025-06-15 14:06:05.610214,2025-06-15 14:06:34.080991,0 days 00:00:28.470777,0.8913708193179793,0.09606285137342427,0.08278044946225259,1,8,1,263,0.5311506058603909,0.3618761121166693,16.761036938184265,0.8412162208109552,COMPLETE
122,0.8121998023818495,2025-06-15 14:06:10.951785,2025-06-15 14:06:35.877939,0 days 00:00:24.926154,0.8897537209677688,0.5462446242315669,0.08324071623948717,1,8,1,267,0.5293753463380935,0.36217076270378495,4.831123085064176,0.8160245672381867,COMPLETE
123,0.808513745936895,2025-06-15 14:06:11.817499,2025-06-15 14:06:36.349119,0 days 00:00:24.531620,0.8748715369862722,0.5393027580754886,0.087406225631351,1,8,1,277,0.5223030388936678,0.3647956590458232,4.839336131106771,0.820158255736102,COMPLETE
124,0.8029524221885458,2025-06-15 14:06:14.111911,2025-06-15 14:06:36.973919,0 days 00:00:22.862008,0.891798194883118,0.5602523097197887,0.14471786043933324,1,8,1,277,0.7455358342571057,0.26162628902446994,17.381770953400544,0.8801099983483328,COMPLETE
125,0.8094470973947091,2025-06-15 14:06:20.251111,2025-06-15 14:06:45.308981,0 days 00:00:25.057870,0.891010899031401,0.5382140256425805,0.08285054242863221,1,8,1,265,0.5239974586888845,0.4538844933812652,4.885270413529166,0.8174310143275969,COMPLETE
126,0.8095708942466171,2025-06-15 14:06:23.715048,2025-06-15 14:06:44.344898,0 days 00:00:20.629850,0.8244261751840749,0.568586491861669,0.08448173523411841,1,8,1,265,0.5233015067039827,0.36302316578798643,2.055972959801272,0.8416054025690757,COMPLETE
127,0.8067149318580039,2025-06-15 14:06:25.785657,2025-06-15 14:06:50.368196,0 days 00:00:24.582539,0.8377632045230957,0.549205762726948,0.08655941443563299,1,8,1,265,0.7442751310982283,0.4544719726402836,4.946440937194467,0.843091038954728,COMPLETE
128,0.8100220962601092,2025-06-15 14:06:31.330335,2025-06-15 14:06:59.171697,0 days 00:00:27.841362,0.8366014392415195,0.07808627854278472,0.14563218252817836,1,8,1,265,0.7463212622282221,0.36153897859687856,18.550845471542527,0.8826460291005326,COMPLETE
129,0.812965765300602,2025-06-15 14:06:34.084992,2025-06-15 14:07:02.630547,0 days 00:00:28.545555,0.8753920202604216,0.07737060060863887,0.12110282852327774,1,8,1,266,0.7511140695132176,0.36145756564432546,4.885480907984281,0.814469361579594,COMPLETE
130,0.8098649907121981,2025-06-15 14:06:35.881456,2025-06-15 14:07:05.265047,0 days 00:00:29.383591,0.8869709467370975,0.08037469016641688,0.08686050527851404,1,8,1,264,0.5421604969813169,0.4470082186423189,4.8254340037898285,0.8158339152525012,COMPLETE
131,0.8092799324368432,2025-06-15 14:06:36.353144,2025-06-15 14:07:02.717714,0 days 00:00:26.364570,0.887644758023952,0.07739910179938916,0.09928929898491286,1,8,1,247,0.5533748474841566,0.45393679146102206,19.284212275035713,0.8001631983984462,COMPLETE
132,0.8075876151148265,2025-06-15 14:06:36.978305,2025-06-15 14:07:04.678061,0 days 00:00:27.699756,0.8947707743328247,0.09394932766784309,0.11992398778407759,1,8,1,252,0.5476406499767463,0.4543108204323524,1.9304950373608674,0.8143919121790941,COMPLETE
133,0.8129963777987484,2025-06-15 14:06:44.348355,2025-06-15 14:07:15.490134,0 days 00:00:31.141779,0.8224456594051301,0.05675769913684865,0.0771966287280003,1,8,1,265,0.5371233142435006,0.4507539075345689,2.157217365231379,0.8103543179210053,COMPLETE
134,0.8121229759601383,2025-06-15 14:06:45.313001,2025-06-15 14:07:14.829603,0 days 00:00:29.516602,0.8847895233091719,0.016713222411757545,0.07569463730891224,1,8,1,248,0.47391542091908856,0.4566347885288879,2.1173012036275702,0.7954033234829003,COMPLETE
135,0.8067908571413692,2025-06-15 14:06:50.372194,2025-06-15 14:07:20.032855,0 days 00:00:29.660661,0.885798871003285,0.08215659933197841,0.07688237050971505,1,8,1,247,0.5431171579331613,0.560647493712729,18.116660965787243,0.8389205634343804,COMPLETE
136,0.7997539817732733,2025-06-15 14:06:59.173696,2025-06-15 14:07:29.489301,0 days 00:00:30.315605,0.9064438869001455,0.04329448960908927,0.06631685842244484,1,8,2,249,0.46724685650940023,0.3652393641361084,19.508887373865292,0.8387986051778489,COMPLETE
137,0.8082962344701159,2025-06-15 14:07:02.635070,2025-06-15 14:07:33.014870,0 days 00:00:30.379800,0.8775171300567284,0.07502702637631431,0.11881925989604178,1,8,1,248,0.4743206334098887,0.3679851738746365,19.06487668775907,0.8019039025520247,COMPLETE
138,0.8069604774197503,2025-06-15 14:07:02.726728,2025-06-15 14:07:33.474521,0 days 00:00:30.747793,0.9043028131799327,0.0023311905147989365,0.11953033863957246,1,8,1,259,0.4644648301846618,0.36510241090213147,20.364205018041915,0.813707674250439,COMPLETE
139,0.8051796283396264,2025-06-15 14:07:04.683590,2025-06-15 14:07:37.223235,0 days 00:00:32.539645,0.9034972014221263,0.20991654619402247,0.0777747360625117,1,8,1,259,0.4845273208750981,0.36973504676549107,19.03477169162109,0.8151379688300727,COMPLETE
140,0.8027761925564141,2025-06-15 14:07:05.268567,2025-06-15 14:07:36.666978,0 days 00:00:31.398411,0.8808607431448431,0.00301249192076275,0.07460186983817374,1,8,2,260,0.49360898831087796,0.36433642819722495,18.390474880154795,0.8029101762699976,COMPLETE
141,0.8120108575479403,2025-06-15 14:07:14.833602,2025-06-15 14:07:43.116284,0 days 00:00:28.282682,0.8786509659036267,0.013123641539549771,0.07675492182923384,1,8,1,258,0.4503301986670546,0.474769158859372,2.0963475124356354,0.7965181394625205,COMPLETE
142,0.8074003312196044,2025-06-15 14:07:15.494145,2025-06-15 14:07:43.257308,0 days 00:00:27.763163,0.8794529069722452,0.2341743827832057,0.07198137245498028,1,8,2,257,0.8220283750228956,0.48265124056127623,6.338911944028225,0.7999176327629288,COMPLETE
143,0.807635891368341,2025-06-15 14:07:20.034855,2025-06-15 14:07:47.744781,0 days 00:00:27.709926,0.8778847552445045,0.23174701700222738,0.07339535100946175,1,8,2,258,0.4788956354264052,0.5374335777484234,6.5501844268467515,0.7992105345350538,COMPLETE
144,0.8088144888179819,2025-06-15 14:07:29.492820,2025-06-15 14:07:55.848713,0 days 00:00:26.355893,0.8999638087853308,0.21723902521928795,0.07209011895272151,1,8,1,260,0.8305287082270673,0.4762970494260279,6.301970266460826,0.7960672516987733,COMPLETE
145,0.8032964994692176,2025-06-15 14:07:33.019868,2025-06-15 14:07:54.004995,0 days 00:00:20.985127,0.8537748872205688,0.23847202856818417,0.10153345944266902,0,8,1,259,0.4853829637707179,0.5143922458658113,1.0572710168522277,0.795103506469219,COMPLETE
146,0.8103117593299368,2025-06-15 14:07:33.477522,2025-06-15 14:07:57.894843,0 days 00:00:24.417321,0.8540916216620472,0.2335165574307116,0.07266545016228428,4,8,1,256,0.8135441826259955,0.48054354823313294,6.321051780255048,0.801263123889269,COMPLETE
147,0.8127259361988607,2025-06-15 14:07:36.670402,2025-06-15 14:07:58.848342,0 days 00:00:22.177940,0.8521194858197751,0.21097503139648205,0.10050501424905714,0,8,1,254,0.8182288626335537,0.5232165530041832,6.236437508397979,0.8117418830278778,COMPLETE
148,0.8099918691378567,2025-06-15 14:07:37.231774,2025-06-15 14:08:00.342541,0 days 00:00:23.110767,0.8145248461852168,0.23266090530869976,0.1003846255880889,10,8,1,255,0.8140593866242444,0.4020384816409736,1.8436356519748003,0.7764755108846647,COMPLETE
149,0.8069340497585376,2025-06-15 14:07:43.120286,2025-06-15 14:08:07.826110,0 days 00:00:24.705824,0.8543688248986995,0.22249934196295418,0.1008417903726791,0,8,1,253,0.44268214674550965,0.4718360262834204,21.97661259413629,0.777474826010954,COMPLETE
150,0.8118080743756805,2025-06-15 14:07:43.263531,2025-06-15 14:07:58.264340,0 days 00:00:15.000809,0.8163381847203167,0.3319865622173871,0.06551823627909964,0,8,1,166,0.43901538470059587,0.537833664630215,2.138767165320577,0.7747080184352709,COMPLETE
151,0.8127998584125724,2025-06-15 14:07:47.747783,2025-06-15 14:08:09.450856,0 days 00:00:21.703073,0.8531543130207578,0.3518780987273777,0.10011015868283303,0,8,1,252,0.4339900042078562,0.47824782740765287,2.2092272290773485,0.7917080877148894,COMPLETE
152,0.7969174707261734,2025-06-15 14:07:54.008003,2025-06-15 14:08:19.717614,0 days 00:00:25.709611,0.8453207227182508,0.32866409947952363,0.06611237003189377,0,8,1,252,0.4408912853426406,0.4777725326981157,37.6296213257952,0.7797148883587002,COMPLETE
153,0.8147755925143306,2025-06-15 14:07:55.851227,2025-06-15 14:08:21.356414,0 days 00:00:25.505187,0.8467046917387888,0.3354632133716671,0.06558149966123039,4,8,1,252,0.4405852448912126,0.3211679351868092,3.644673356020521,0.7840057350080606,COMPLETE
154,0.8138631444859417,2025-06-15 14:07:57.897350,2025-06-15 14:08:21.852537,0 days 00:00:23.955187,0.8476319151211974,0.40662260031851416,0.06683797478700845,4,8,1,254,0.44632071555431146,0.5253163300046771,2.190701810658413,0.8092507478617711,COMPLETE
155,0.7822819449350212,2025-06-15 14:07:58.268341,2025-06-15 14:08:13.805176,0 days 00:00:15.536835,0.8160303372958757,0.35807187735884405,0.06351283745916929,4,8,1,136,0.4428132951247895,0.5951344086847761,22.19710708236279,0.7757833776419855,COMPLETE
156,0.7950973578051018,2025-06-15 14:07:58.853350,2025-06-15 14:08:14.170490,0 days 00:00:15.317140,0.8152228869882812,0.3593450108414247,0.06425756254035093,4,8,1,132,0.4277680326494079,0.6005082680946153,7.799383253223152,0.7649891444329678,COMPLETE
157,0.8048712499933091,2025-06-15 14:08:00.346548,2025-06-15 14:08:19.336422,0 days 00:00:18.989874,0.8467825368244002,0.3410291742495168,0.0655637413694796,0,8,1,176,0.4374674782050321,0.5611227548207163,7.475828760966827,0.7670867586985998,COMPLETE
158,0.7886613941602822,2025-06-15 14:08:07.829629,2025-06-15 14:08:24.710368,0 days 00:00:16.880739,0.8430079871932208,0.3130107280615055,0.06301770841527618,10,8,1,174,0.8464743602139884,0.5147117735837996,26.091348853272315,0.7629831134058412,COMPLETE
159,0.8111036786666361,2025-06-15 14:08:09.454863,2025-06-15 14:08:33.193198,0 days 00:00:23.738335,0.8462573480110588,0.3444507651580845,0.06421209675923294,0,8,1,245,0.40174041436785557,0.5898607732659131,3.742060804339005,0.763217664514217,COMPLETE
160,0.8062332221888351,2025-06-15 14:08:13.808177,2025-06-15 14:08:30.713407,0 days 00:00:16.905230,0.8441121608136921,0.31163802363138327,0.06705301929877329,0,8,1,169,0.3998369005798782,0.5738806316471541,7.8704614460013484,0.7683995076595626,COMPLETE
161,0.8101901586359027,2025-06-15 14:08:14.173491,2025-06-15 14:08:38.356221,0 days 00:00:24.182730,0.8449353173269143,0.36981881348985635,0.0568899675657065,0,8,1,244,0.39971791215954533,0.5525757797593516,4.058546551127636,0.7926862381965236,COMPLETE
162,0.8115584805886963,2025-06-15 14:08:19.338936,2025-06-15 14:08:39.922653,0 days 00:00:20.583717,0.8597373479146428,0.43608262558333477,0.11277835594593731,0,8,1,244,0.8488247639355936,0.516239114618826,3.8426655784880244,0.7912148557864597,COMPLETE
163,0.810934169318789,2025-06-15 14:08:19.720614,2025-06-15 14:08:38.381784,0 days 00:00:18.661170,0.8600912122441805,0.44842390694669587,0.05640417945621784,0,8,1,175,0.40448022811386464,0.5458719214805376,3.8023139872990095,0.8085651628944298,COMPLETE
164,0.812888680586845,2025-06-15 14:08:21.359926,2025-06-15 14:08:46.869632,0 days 00:00:25.509706,0.8275194013229801,0.11472184689313956,0.056959685713458295,0,8,1,245,0.4044663963252845,0.5439794162746694,3.8894219079075256,0.7927989438302823,COMPLETE
165,0.8060505659635819,2025-06-15 14:08:21.855538,2025-06-15 14:08:39.509055,0 days 00:00:17.653517,0.8584799787479759,0.3414288992809415,0.058204495964915164,4,8,1,166,0.4077644404023711,0.491669848727245,3.740568893231293,0.7543585609189101,COMPLETE
166,0.8106804197366747,2025-06-15 14:08:24.713369,2025-06-15 14:08:49.306717,0 days 00:00:24.593348,0.8582036349090708,0.4231627186882565,0.05893281706218171,4,8,1,244,0.4181331553943276,0.5276290842184972,3.9539737894031535,0.7901182633003491,COMPLETE
167,0.8100698696682844,2025-06-15 14:08:30.717408,2025-06-15 14:08:54.681135,0 days 00:00:23.963727,0.8610904859735233,0.42860315902792956,0.05483167914712624,4,8,1,233,0.4061032472725225,0.5289464652867489,3.976543826707449,0.7914162417634111,COMPLETE
168,0.8085064767457668,2025-06-15 14:08:33.197034,2025-06-15 14:08:57.870403,0 days 00:00:24.673369,0.7826810952731872,0.47354619413660903,0.05780072327269085,4,8,1,252,0.4113184902463869,0.5299479478200259,3.753055576515032,0.7920927036600054,COMPLETE
169,0.8122901750893752,2025-06-15 14:08:38.362741,2025-06-15 14:09:01.817946,0 days 00:00:23.455205,0.8309784500773952,0.400302139339479,0.0689598192868516,4,8,1,244,0.40710727946213854,0.5312861037713824,3.797620587075121,0.7908372715946346,COMPLETE
