number,value,datetime_start,datetime_complete,duration,params_colsample_bytree,params_gamma,params_learning_rate,params_max_delta_step,params_max_depth,params_min_child_weight,params_n_estimators,params_reg_alpha,params_reg_lambda,params_scale_pos_weight,params_subsample,state
170,0.8056101176053392,2025-06-15 14:08:38.390302,2025-06-15 14:08:54.683136,0 days 00:00:16.292834,0.8586764951843423,0.46568145758739815,0.05619536957778243,4,8,1,162,0.40033068324353804,0.5269155936869495,3.636627466984584,0.7553604904549703,COMPLETE
171,0.8091608883440617,2025-06-15 14:08:39.512072,2025-06-15 14:08:54.391165,0 days 00:00:14.879093,0.8607625332323412,0.4431387038695473,0.056823055466000374,0,8,1,156,0.3989034184465967,0.5287162835591441,2.2311835137298934,0.7914261512133335,COMPLETE
172,0.8121711014459448,2025-06-15 14:08:39.926169,2025-06-15 14:08:56.270587,0 days 00:00:16.344418,0.8610786936412064,0.1552900163672355,0.05620540436275657,0,8,1,156,0.9495413933306168,0.5297861180970779,2.2197251002125684,0.8083603105650058,COMPLETE
173,0.8075534345720753,2025-06-15 14:08:46.873647,2025-06-15 14:09:02.775835,0 days 00:00:15.902188,0.7819254226326408,0.4427640819857225,0.0535728280717803,0,8,1,155,0.4545185044946117,0.5232773028852546,2.0866162510024284,0.8080854909768866,COMPLETE
174,0.8129359522525574,2025-06-15 14:08:49.309717,2025-06-15 14:09:11.881165,0 days 00:00:22.571448,0.8278111382348035,0.45163870781565585,0.05469189001309185,0,8,1,251,0.5059437338771321,0.6195394482565243,2.2832719294672925,0.8081694384322076,COMPLETE
175,0.8127645453226865,2025-06-15 14:08:54.395171,2025-06-15 14:09:16.612980,0 days 00:00:22.217809,0.8308960042750201,0.1284844696718302,0.11344769417579668,0,8,1,232,0.5032294475389323,0.6069523033836836,3.1651455839017193,0.8085175735214736,COMPLETE
176,0.8121311897730434,2025-06-15 14:08:54.685136,2025-06-15 14:09:19.002302,0 days 00:00:24.317166,0.7862744468636095,0.13812190846590433,0.07920683925299286,0,8,1,236,0.5033729562462969,0.669531218325518,2.8035400584231285,0.8074478833829414,COMPLETE
177,0.8106795868380638,2025-06-15 14:08:54.690656,2025-06-15 14:09:12.796791,0 days 00:00:18.106135,0.8285582943307102,0.16328008779971348,0.11323361568611588,0,8,1,183,0.5061315795657815,0.5994484533520671,2.7479612962457773,0.8084825351788905,COMPLETE
178,0.8123329002729603,2025-06-15 14:08:56.275588,2025-06-15 14:09:12.269345,0 days 00:00:15.993757,0.8261759520829837,0.1535018387422487,0.11245890234513396,0,8,1,153,0.45252930056648344,0.601382075847451,2.99394463819685,0.8095146311032264,COMPLETE
179,0.812428824341006,2025-06-15 14:08:57.873402,2025-06-15 14:09:13.419139,0 days 00:00:15.545737,0.8307107009614046,0.1460408725390815,0.11328389870864349,0,8,1,151,0.44548466756262034,0.5809181295842084,2.777525220559519,0.8083306790860262,COMPLETE
180,0.8134294115203456,2025-06-15 14:09:01.820947,2025-06-15 14:09:19.246073,0 days 00:00:17.425126,0.828697920658786,0.16070700589764003,0.07020049314317754,0,8,1,161,0.9848840989761505,0.5958534468087024,2.7594507189714883,0.8077088228926288,COMPLETE
181,0.8123223262355606,2025-06-15 14:09:02.778836,2025-06-15 14:09:27.987280,0 days 00:00:25.208444,0.8295258225734182,0.15144723865148618,0.06794441048950783,0,8,1,234,0.9457204273273834,0.598388350002097,2.8069767124315232,0.7839710398307322,COMPLETE
182,0.8030671290096638,2025-06-15 14:09:11.883671,2025-06-15 14:09:28.958234,0 days 00:00:17.074563,0.8280209689742936,0.1498878639036389,0.06910079265517743,0,8,1,147,0.9216292521235102,0.5831791355915598,1.112421815039724,0.7852191676153231,COMPLETE
183,0.8006322033264268,2025-06-15 14:09:12.272346,2025-06-15 14:09:30.348697,0 days 00:00:18.076351,0.8235042825736074,0.13909868516477814,0.04250971229744349,0,8,1,146,0.9314514752610866,0.6116235732451274,1.0563093834091033,0.8095932157634065,COMPLETE
184,0.8055403018929624,2025-06-15 14:09:12.799793,2025-06-15 14:09:39.165521,0 days 00:00:26.365728,0.8261100352483126,0.004247577924360216,0.04502716056394411,0,8,1,235,0.33597555374052473,0.6288743688321367,1.1177438182765438,0.7833280563163951,COMPLETE
185,0.8057591602285669,2025-06-15 14:09:13.423156,2025-06-15 14:09:32.582986,0 days 00:00:19.159830,0.8305983793403189,0.1855390656091147,0.07076778817420891,0,8,1,154,0.46109075242205844,0.6599575447620285,1.1156581919394821,0.787353411840218,COMPLETE
186,0.8084299962767206,2025-06-15 14:09:16.615980,2025-06-15 14:09:33.883119,0 days 00:00:17.267139,0.8302051804837605,0.12818136387937623,0.042624140900293095,0,8,1,149,0.9245821906457277,0.6344641907177341,1.5597919429066958,0.7848753787715282,COMPLETE
187,0.8039536333077226,2025-06-15 14:09:19.005301,2025-06-15 14:09:36.282211,0 days 00:00:17.276910,0.8331679085622118,0.12627917779108686,0.04241493257558301,0,8,1,146,0.4572674463598354,0.6515127213450286,1.2334104783515896,0.7854618624756761,COMPLETE
188,0.8102025783242002,2025-06-15 14:09:19.250073,2025-06-15 14:09:36.277684,0 days 00:00:17.027611,0.8267722332623972,0.0016552617501185002,0.07034601023444578,0,8,1,144,0.9625331124377343,0.6602994513851718,2.915148685677562,0.7833088799049874,COMPLETE
189,0.7985241789803517,2025-06-15 14:09:27.990789,2025-06-15 14:09:43.458899,0 days 00:00:15.468110,0.835225398970724,0.15194349292414763,0.044606313621246514,0,8,1,146,0.9664748862045046,0.6724356323884166,1.1469053521238972,0.786330676602644,COMPLETE
190,0.814870820478934,2025-06-15 14:09:28.961741,2025-06-15 14:09:44.618801,0 days 00:00:15.657060,0.8331243260234794,0.003102079841607472,0.08078588080626137,0,8,1,147,0.979288585858457,0.6910564149076622,2.827670796053542,0.8111142602540061,COMPLETE
191,0.8099555855626578,2025-06-15 14:09:30.351434,2025-06-15 14:09:52.109766,0 days 00:00:21.758332,0.8341728167136923,0.11541170897386754,0.049562551305611484,0,8,1,223,0.9749446020865025,0.6584240251960908,3.0573161687522665,0.7844148980075892,COMPLETE
192,0.8142412660280473,2025-06-15 14:09:32.588503,2025-06-15 14:09:53.853896,0 days 00:00:21.265393,0.8361216811266725,0.002493558288136105,0.07991814230962849,0,8,1,223,0.9878006959077075,0.6802863938532226,2.9815459565951197,0.8068908939113228,COMPLETE
193,0.8144628059741986,2025-06-15 14:09:33.887122,2025-06-15 14:09:54.418857,0 days 00:00:20.531735,0.8316361595232404,0.0025590720834025027,0.04903007745779815,0,8,1,224,0.9462634969744531,0.7190538480861166,2.8209788562188334,0.8055853916108261,COMPLETE
194,0.809365419211814,2025-06-15 14:09:36.283208,2025-06-15 14:09:56.121822,0 days 00:00:19.838614,0.7560705785105456,0.011153211551652747,0.049727914842749035,0,8,1,222,0.9492061351683454,0.7226750819073566,2.9020278036221887,0.8048371842966385,COMPLETE
195,0.8127797373137902,2025-06-15 14:09:36.293752,2025-06-15 14:09:56.604936,0 days 00:00:20.311184,0.8376626994925115,0.008435806914655702,0.05030337549388796,0,8,1,235,0.9459338718428624,0.6284681641453645,2.92789092529506,0.8118116807279097,COMPLETE
196,0.8105363058415349,2025-06-15 14:09:39.170039,2025-06-15 14:09:57.499742,0 days 00:00:18.329703,0.766459374488897,0.1277067063583405,0.04925430559965273,0,8,1,230,0.5120431290272275,0.5652338482527332,2.978185915779482,0.8056757627472974,COMPLETE
197,0.8094596359558105,2025-06-15 14:09:43.461909,2025-06-15 14:09:56.214073,0 days 00:00:12.752164,0.7462793836038896,0.24892935178241166,0.07940532551235203,0,8,1,159,0.9875179589440903,0.6918566919346046,3.0236580166852947,0.805264019898346,COMPLETE
198,0.804567688188845,2025-06-15 14:09:44.622319,2025-06-15 14:09:57.100830,0 days 00:00:12.478511,0.7012850211136721,0.12223881351930302,0.04934795641309454,0,8,1,159,0.9713847714754273,0.6846055247544706,2.9838954847331216,0.8051737446706958,COMPLETE
199,0.8122698554905007,2025-06-15 14:09:52.112774,2025-06-15 14:09:59.970499,0 days 00:00:07.857725,0.750178508436189,0.24002404725216844,0.0818368073713868,0,8,1,161,0.9894892503745102,0.6839514014811521,2.845532241096074,0.8050658719705336,COMPLETE
