number,value,datetime_start,datetime_complete,duration,params_colsample_bytree,params_gamma,params_learning_rate,params_max_delta_step,params_max_depth,params_min_child_weight,params_n_estimators,params_reg_alpha,params_reg_lambda,params_scale_pos_weight,params_subsample,state
0,0.8836923272201511,2025-06-15 11:05:13.012569,2025-06-15 11:05:49.932871,0 days 00:00:36.920302,0.7328111344381678,3.5868846342758327,0.015660420540830597,5,8,2,159,0.23718407907723826,0.3216424956131443,17.11626521599161,0.7680527307483127,COMPLETE
1,0.9180942085962039,2025-06-15 11:05:13.017272,2025-06-15 11:05:50.655905,0 days 00:00:37.638633,0.710288007929628,0.5621146407231309,0.2562289911710278,6,9,3,274,0.5210807475454254,0.8591433881579013,1.3532362852090443,0.816516370369943,COMPLETE
2,0.8952090892082041,2025-06-15 11:05:13.020613,2025-06-15 11:05:53.576769,0 days 00:00:40.556156,0.9464790844742882,3.7034337544521065,0.010241290919227328,7,6,5,249,0.5841094689855708,0.5322592793538425,3.736566442129584,0.7241408116755896,COMPLETE
3,0.9103640712436599,2025-06-15 11:05:13.023672,2025-06-15 11:05:44.053179,0 days 00:00:31.029507,0.8657674804944083,2.1229514633254363,0.15612638662878026,5,7,1,162,0.20850733695122992,0.20760997087643995,18.861078169561207,0.737303159412345,COMPLETE
4,0.9060151189077359,2025-06-15 11:05:13.027182,2025-06-15 11:05:45.898791,0 days 00:00:32.871609,0.7043877659673374,4.486429177641763,0.04608824556998501,8,4,1,218,0.6891022210116751,0.1295826972063615,3.552623789625005,0.7851764907771307,COMPLETE
5,0.8839205817593341,2025-06-15 11:05:13.033179,2025-06-15 11:05:51.223632,0 days 00:00:38.190453,0.9964197229417222,3.780779645167291,0.018493897989337146,4,7,2,189,0.7781337937519697,0.4975883968750683,13.759452859864021,0.769442722831274,COMPLETE
6,0.8750585330882036,2025-06-15 11:05:13.035179,2025-06-15 11:06:06.258929,0 days 00:00:53.223750,0.7917593760221463,1.0926306966953976,0.010650204509094577,1,10,1,261,0.270497714034571,0.06553521995185807,25.393943513050246,0.97588000852645,COMPLETE
7,0.9095084915167548,2025-06-15 11:05:13.038177,2025-06-15 11:05:28.925354,0 days 00:00:15.887177,0.890200744819202,3.617919504118362,0.23367601376098052,9,8,5,125,0.06438282174078114,0.5125637850540897,2.800902693778035,0.7595751221700723,COMPLETE
8,0.8861809362353845,2025-06-15 11:05:28.953912,2025-06-15 11:06:07.838298,0 days 00:00:38.884386,0.7723456413142892,0.20348740773473817,0.015633257454640604,0,10,4,222,0.7722038083677321,0.08712054041806927,37.27478763619533,0.9310130433746315,COMPLETE
9,0.8928728469886937,2025-06-15 11:05:44.060179,2025-06-15 11:05:55.851793,0 days 00:00:11.791614,0.9908235847379061,4.5021803753144765,0.2095280018636469,8,7,4,253,0.008798405100896023,0.007914471243925969,14.045629472271214,0.948448045879736,COMPLETE
10,0.9157273363511628,2025-06-15 11:05:45.907305,2025-06-15 11:06:05.104469,0 days 00:00:19.197164,0.7787332621005247,0.0714244323966512,0.27904154520741575,2,6,5,209,0.2408407062463097,0.5566935334121978,13.608297372422806,0.8621445954030015,COMPLETE
11,0.8781048484530602,2025-06-15 11:05:49.948888,2025-06-15 11:06:17.791996,0 days 00:00:27.843108,0.7439383035588146,0.04347093765765475,0.013629301490057892,5,10,5,218,0.03310224929999639,0.026720710089166877,37.502652587277815,0.7527877472698017,COMPLETE
12,0.8594011046187436,2025-06-15 11:05:50.660417,2025-06-15 11:06:04.025425,0 days 00:00:13.365008,0.845684131700067,1.2325220383317315,0.024544895051624032,3,7,5,123,0.8611143026938102,0.9595761595928408,37.829563721763506,0.7703102115213161,COMPLETE
13,0.8931427348403226,2025-06-15 11:05:51.232149,2025-06-15 11:06:03.608352,0 days 00:00:12.376203,0.7571198820803026,4.410088243419347,0.016750660963810473,3,3,2,170,0.4341416181362926,0.5925162030517059,1.5063189837083346,0.7461016227096707,COMPLETE
14,0.8623456287593865,2025-06-15 11:05:53.582775,2025-06-15 11:06:04.576880,0 days 00:00:10.994105,0.9093093439688514,0.41779578319631194,0.03232236591847124,5,6,1,103,0.48006718491174927,0.8695539967698174,34.60370660859539,0.7429355481011595,COMPLETE
15,0.8909689568836046,2025-06-15 11:05:55.868311,2025-06-15 11:06:11.558676,0 days 00:00:15.690365,0.8385584643225057,4.4917237444924165,0.18155910592214564,10,7,5,279,0.1970496246594411,0.422016881367804,20.962587622288837,0.8525923659343375,COMPLETE
16,0.8675667940762644,2025-06-15 11:06:03.613870,2025-06-15 11:06:21.773636,0 days 00:00:18.159766,0.8788217868892325,1.8431514702690943,0.018169264070893136,3,6,3,203,0.3950394166546711,0.04219181916584391,23.54910661881114,0.8398420246205782,COMPLETE
17,0.9164851353834769,2025-06-15 11:06:04.031465,2025-06-15 11:06:37.886676,0 days 00:00:33.855211,0.7983337835371087,0.005192684036959161,0.09051545391523429,10,10,3,296,0.43484242920476823,0.9782654323392063,31.314154776729872,0.8652893570137551,COMPLETE
18,0.9053034372636872,2025-06-15 11:06:04.583387,2025-06-15 11:06:24.269843,0 days 00:00:19.686456,0.8040813433640722,1.8983450655209126,0.11611246823191837,6,10,3,298,0.349474449481341,0.7814227853455356,24.652675079396584,0.8536707810689396,COMPLETE
19,0.9167561239360517,2025-06-15 11:06:05.108992,2025-06-15 11:06:38.860493,0 days 00:00:33.751501,0.7920706601850506,0.06471407303679522,0.10927662691329602,0,10,3,300,0.348335945018152,0.7351889093216597,28.450183034576746,0.8633477177847327,COMPLETE
20,0.9185573829071692,2025-06-15 11:06:06.265953,2025-06-15 11:06:37.246114,0 days 00:00:30.980161,0.8008641347043682,0.023227172199617785,0.09908233897963137,0,10,3,289,0.9829527097710817,0.7521157231776368,9.570746776748107,0.8542908329209861,COMPLETE
21,0.9098617463054224,2025-06-15 11:06:07.843305,2025-06-15 11:06:28.873046,0 days 00:00:21.029741,0.8077399588039786,1.2263058249018082,0.10206939997353287,1,5,3,296,0.9922407908647207,0.7555675785110797,10.158615775586648,0.8389376578339259,COMPLETE
22,0.9109377945530983,2025-06-15 11:06:11.562197,2025-06-15 11:06:33.274510,0 days 00:00:21.712313,0.8039601617839753,1.07842970190875,0.07680526405429468,2,5,3,299,0.3528467574790483,0.7516835308097598,8.92774997047693,0.8414259160357029,COMPLETE
23,0.912167971171816,2025-06-15 11:06:17.795996,2025-06-15 11:06:38.581530,0 days 00:00:20.785534,0.8097866629851653,1.031318663917764,0.10824048469798137,2,5,3,290,0.35561497427737004,0.7291200732433469,9.5676348196193,0.8497632975995575,COMPLETE
24,0.9129935083835374,2025-06-15 11:06:21.780149,2025-06-15 11:06:43.678605,0 days 00:00:21.898456,0.8135023866588151,0.9161694892497403,0.11035200208526122,1,5,3,293,0.986057455775283,0.7205978109528461,7.6933708495991695,0.8527145339088809,COMPLETE
25,0.9093787390385278,2025-06-15 11:06:24.273446,2025-06-15 11:06:46.159414,0 days 00:00:21.885968,0.700778551810656,0.9851532787149259,0.09176759578299168,1,5,4,300,0.612588287164941,0.7611973317069085,8.61719646780135,0.8910626505797412,COMPLETE
26,0.9148970890135356,2025-06-15 11:06:28.877053,2025-06-15 11:06:43.459604,0 days 00:00:14.582551,0.7003876515962014,0.7319672553330963,0.2959400181654483,2,9,4,232,0.6406624169031294,0.6929301265889241,8.207027512734566,0.8948212715206556,COMPLETE
27,0.9127083801237672,2025-06-15 11:06:33.279023,2025-06-15 11:06:53.491745,0 days 00:00:20.212722,0.7069703141730332,0.6106309211078967,0.28381327844581844,7,9,4,235,0.5724004610773884,0.6480067215429693,29.637492261649395,0.8906521992012681,COMPLETE
28,0.9144202757622928,2025-06-15 11:06:37.250128,2025-06-15 11:06:57.319545,0 days 00:00:20.069417,0.7162694971768728,0.6137669988063772,0.2994072237423675,0,9,4,273,0.567544074182197,0.6312302999625807,7.92297713519762,0.8868175941383435,COMPLETE
29,0.9161644735309462,2025-06-15 11:06:37.892682,2025-06-15 11:07:07.001485,0 days 00:00:29.108803,0.7072243507096689,0.611497787471641,0.059069156577656774,10,9,4,272,0.5893506749349949,0.9840728838468484,7.176533614514529,0.8933981501223336,COMPLETE
30,0.9086390964883273,2025-06-15 11:06:38.585530,2025-06-15 11:07:09.005607,0 days 00:00:30.420077,0.7131398854877486,0.6417940179409177,0.06115772533734999,10,9,4,270,0.5931055310182703,0.955828879338414,30.687998916661922,0.8957863822137873,COMPLETE
31,0.9060593415387868,2025-06-15 11:06:38.865492,2025-06-15 11:07:09.439647,0 days 00:00:30.574155,0.7031086244815393,0.6425603441818346,0.05476808659164461,0,9,4,271,0.5989992797105914,0.6618867331586379,30.33576620940765,0.8959091742004411,COMPLETE
32,0.9098014872304059,2025-06-15 11:06:43.462605,2025-06-15 11:07:12.980944,0 days 00:00:29.518339,0.7261514899212661,0.580821173826828,0.06680752083406111,0,9,2,270,0.9455539098673857,0.8619970428354865,29.339382507900567,0.8046289338923851,COMPLETE
33,0.9116920020942793,2025-06-15 11:06:43.684127,2025-06-15 11:07:15.815652,0 days 00:00:32.131525,0.732895088005855,0.5371023110683748,0.06132043269196697,0,9,2,271,0.9146525629038477,0.8620282863100126,30.25555869871813,0.796500538068393,COMPLETE
34,0.9109618506387607,2025-06-15 11:06:46.161416,2025-06-15 11:07:16.533489,0 days 00:00:30.372073,0.7278600705479136,0.5595510516343605,0.05659552308484107,0,9,2,271,0.5445085645565962,0.8643673975815361,28.28618377475635,0.8100107994475176,COMPLETE
35,0.9140411590559984,2025-06-15 11:06:53.496765,2025-06-15 11:07:14.121273,0 days 00:00:20.624508,0.7285948891158041,1.5674948953995869,0.06282622137063187,0,9,2,274,0.14898226591962693,0.8525886426633149,5.940229364367843,0.807230973369341,COMPLETE
36,0.9111414320874,2025-06-15 11:06:57.323066,2025-06-15 11:07:13.718360,0 days 00:00:16.395294,0.7361584976273742,2.7136804211593093,0.06167686994113943,0,8,2,272,0.13235015228815317,0.8726726094633893,5.354081558808533,0.821704795021426,COMPLETE
37,0.9017547893319031,2025-06-15 11:07:07.005990,2025-06-15 11:07:26.588185,0 days 00:00:19.582195,0.7333499632112713,2.987049013350382,0.1514096726371941,0,8,2,280,0.1218024470975444,0.859823873867481,27.51995962662009,0.8112727807319371,COMPLETE
38,0.9037646647870894,2025-06-15 11:07:09.010608,2025-06-15 11:07:30.185856,0 days 00:00:21.175248,0.7408844943685511,2.6458915004984984,0.15004978299461877,0,8,2,281,0.1195439157078525,0.8492317944221359,29.329987169788662,0.8153038593644705,COMPLETE
39,0.9015530024562033,2025-06-15 11:07:09.444652,2025-06-15 11:07:31.714845,0 days 00:00:22.270193,0.831441594133492,2.956301519822143,0.1453765950879901,6,8,2,285,0.1395035665410468,0.8921452370602027,27.84395081435885,0.8043895289424543,COMPLETE
40,0.9018754052007463,2025-06-15 11:07:12.984951,2025-06-15 11:07:33.555124,0 days 00:00:20.570173,0.8277526604848348,2.837038111153783,0.14032270787748072,7,8,2,284,0.4918752261509015,0.8650105136998426,32.63886330338332,0.8104231271853395,COMPLETE
41,0.9154402278169229,2025-06-15 11:07:13.722361,2025-06-15 11:07:46.375347,0 days 00:00:32.652986,0.8293753838050524,0.28213162713799744,0.1436563522395025,6,10,3,285,0.4886508556244706,0.834107887768326,17.051561086874692,0.7978846417445978,COMPLETE
42,0.9021109238024707,2025-06-15 11:07:14.124787,2025-06-15 11:07:35.877582,0 days 00:00:21.752795,0.7695653441503405,2.7849587466683134,0.13768972527038292,7,10,3,246,0.4872669338130356,0.9197001228082471,33.49054371457812,0.7108572722963489,COMPLETE
43,0.9147994407680888,2025-06-15 11:07:15.821172,2025-06-15 11:07:46.508900,0 days 00:00:30.687728,0.8250742058624083,0.27034260856225484,0.1551288909283223,7,10,3,251,0.2950382509882878,0.9129470175089828,16.432738918847246,0.8196895312600749,COMPLETE
44,0.899551324900491,2025-06-15 11:07:16.538495,2025-06-15 11:07:34.909156,0 days 00:00:18.370661,0.8322139242778303,2.7530654576797713,0.14204106122955104,6,10,3,249,0.4858096139760956,0.8103843618595822,33.5721834513018,0.8730672189869543,COMPLETE
45,0.9144037335827988,2025-06-15 11:07:26.593716,2025-06-15 11:07:57.739988,0 days 00:00:31.146272,0.8296763467076881,0.2336965337447618,0.14266757536655747,6,10,3,250,0.29145723259585987,0.27700823298668553,33.310824516083436,0.71064393675242,COMPLETE
46,0.9057478772665644,2025-06-15 11:07:30.187869,2025-06-15 11:08:04.385126,0 days 00:00:34.197257,0.8263640834384294,0.27509408243802336,0.04097351395853069,8,10,3,255,0.7255954673387879,0.9253178610378816,32.82841540886136,0.7050411441770941,COMPLETE
47,0.9064059013592628,2025-06-15 11:07:31.718846,2025-06-15 11:08:05.655575,0 days 00:00:33.936729,0.7718981431663414,0.28583598561362256,0.03864285757992708,9,10,3,252,0.29578491478537844,0.8014794164355197,33.18871214007609,0.8740783996019987,COMPLETE
48,0.9109372594993431,2025-06-15 11:07:33.558643,2025-06-15 11:08:06.405492,0 days 00:00:32.846849,0.7841171195407046,0.2732731500086461,0.040555091060080165,9,10,3,253,0.7116465265305217,0.9782042159014057,16.40721606652898,0.9284008241949943,COMPLETE
49,0.9105234968741833,2025-06-15 11:07:34.912669,2025-06-15 11:08:07.651508,0 days 00:00:32.738839,0.7619158109015088,0.2634174992394582,0.04097453418891023,9,10,3,255,0.7132150866950359,0.9828933446935445,17.09627635502636,0.9273005691231065,COMPLETE
50,0.9193132885271252,2025-06-15 11:07:35.882087,2025-06-15 11:08:07.997214,0 days 00:00:32.115127,0.7882295856256395,0.2959283285632501,0.04807490230691105,9,10,3,258,0.6935545071572857,0.9773859884092104,4.6780605367333,0.9277867941285578,COMPLETE
51,0.9152995532103123,2025-06-15 11:07:46.379121,2025-06-15 11:08:19.941866,0 days 00:00:33.562745,0.7579425021145771,0.17306229862660918,0.04276481099673868,9,10,3,258,0.7125820281596007,0.9929149170753676,11.242490735101473,0.9221166941264641,COMPLETE
52,0.9211043799434468,2025-06-15 11:07:46.513465,2025-06-15 11:08:21.050154,0 days 00:00:34.536689,0.7525954283533813,0.010766250449642037,0.04230449599091652,9,10,3,264,0.7139058184325151,0.9681610722980385,3.2864108636309495,0.9164386880199924,COMPLETE
53,0.9204999995844932,2025-06-15 11:07:57.742994,2025-06-15 11:08:28.641429,0 days 00:00:30.898435,0.8584236615749123,0.050540270617202614,0.04407389462648135,9,10,3,261,0.6988042878043222,0.9803275731081056,3.1577673819516385,0.9448512109562412,COMPLETE
54,0.914917110840866,2025-06-15 11:08:04.389132,2025-06-15 11:08:25.209596,0 days 00:00:20.820464,0.786110575948562,0.012517908514315841,0.08186929892802072,9,10,4,184,0.4402550028490299,0.9941086102965425,12.112548709938984,0.918747249868025,COMPLETE
55,0.916928112178111,2025-06-15 11:08:05.659575,2025-06-15 11:08:34.234244,0 days 00:00:28.574669,0.7872426309065492,0.018839146853165747,0.08027951376311077,9,9,4,259,0.8064275130950371,0.9820738281528715,11.265446066259202,0.9235870067566357,COMPLETE
56,0.9170225338610873,2025-06-15 11:08:06.410006,2025-06-15 11:08:34.703881,0 days 00:00:28.293875,0.8523815738391728,0.0012146702196844765,0.08801928219791058,10,9,4,263,0.8260411847953134,0.999724902469958,11.76843466998627,0.9151795418214079,COMPLETE
57,0.9151619736402818,2025-06-15 11:08:07.655509,2025-06-15 11:08:27.533090,0 days 00:00:19.877581,0.8656642325240281,0.04717482764552868,0.08146819714605974,4,9,4,179,0.4326634681232674,0.45812695023968864,12.540160255872287,0.9130121015105565,COMPLETE
58,0.91928827822694,2025-06-15 11:08:08.009240,2025-06-15 11:08:36.483889,0 days 00:00:28.474649,0.8627236564554588,0.07119845948429274,0.08277792271405152,10,9,4,262,0.7892172218322419,0.9992334344065927,1.7870624112423794,0.9625039558088585,COMPLETE
59,0.9138689703471051,2025-06-15 11:08:19.944868,2025-06-15 11:08:36.140994,0 days 00:00:16.196126,0.7938384890917902,1.3849375354447515,0.0757926829218558,10,9,4,264,0.7909249211755879,0.9368771070862237,1.6886926168354193,0.9542615871454598,COMPLETE
60,0.9136422273064644,2025-06-15 11:08:21.053154,2025-06-15 11:08:43.287378,0 days 00:00:22.234224,0.7892691715233341,0.039423155178711686,0.027715153638505744,8,10,3,172,0.8256354045888681,0.9429353687730989,1.4364548680704168,0.9979824901611555,COMPLETE
61,0.9197041686539744,2025-06-15 11:08:25.212598,2025-06-15 11:08:59.809233,0 days 00:00:34.596635,0.7952961576096903,0.030365194439056054,0.19260812911268171,8,10,3,290,0.7943616104422604,0.9379597711976393,1.815901129107587,0.9674646783367324,COMPLETE
62,0.9033334678234427,2025-06-15 11:08:27.536091,2025-06-15 11:08:35.358103,0 days 00:00:07.822012,0.7956548975877099,4.901596239880405,0.19831359282376226,8,3,3,146,0.8296285439756539,0.9442095857220365,1.7389020725974764,0.9546184960997791,COMPLETE
63,0.9119112361415576,2025-06-15 11:08:28.644841,2025-06-15 11:08:57.988758,0 days 00:00:29.343917,0.862986301023639,0.8679605930039893,0.030530104771247055,8,10,3,234,0.8557705824778733,0.9379094370831944,1.0646622338787832,0.9658123979942372,COMPLETE
64,0.9112840085299767,2025-06-15 11:08:34.239244,2025-06-15 11:09:04.039698,0 days 00:00:29.800454,0.9199516340213558,1.4218474498385845,0.024003505328181355,8,9,3,239,0.8164149692305639,0.9436247867666662,1.3589167658594974,0.9562058097408387,COMPLETE
65,0.8997846199857547,2025-06-15 11:08:34.705882,2025-06-15 11:08:52.489772,0 days 00:00:17.783890,0.9097052005252283,4.803714613888015,0.028217099076018666,8,3,3,238,0.821416531857872,0.9394376889756354,1.163750885102246,0.9597407440235317,COMPLETE
66,0.9110381254275863,2025-06-15 11:08:35.360609,2025-06-15 11:09:02.574128,0 days 00:00:27.213519,0.8553296827954668,1.320296084965215,0.028738901274012203,8,9,3,229,0.7582943356776448,0.934290331431862,3.847679396072485,0.9854994028627114,COMPLETE
67,0.9145249953994036,2025-06-15 11:08:36.145630,2025-06-15 11:09:08.552982,0 days 00:00:32.407352,0.9092793747218695,0.44916319216472744,0.029674562392712208,8,10,3,239,0.6655554103356337,0.9035858552978402,4.359546009369326,0.9916781589088086,COMPLETE
68,0.9122483094163973,2025-06-15 11:08:36.488890,2025-06-15 11:09:09.001955,0 days 00:00:32.513065,0.8569581706135435,0.43384017169645805,0.03180115442741883,8,10,5,241,0.659407688291813,0.9057591973918093,4.372942519549036,0.9947835803487453,COMPLETE
69,0.9166369029398009,2025-06-15 11:08:43.291393,2025-06-15 11:09:12.910256,0 days 00:00:29.618863,0.8591402675777411,0.42266534480883244,0.050162475372038,10,9,5,233,0.6678031926458332,0.9057182408456176,3.763117336519397,0.9657106344689509,COMPLETE
70,0.9127029431682405,2025-06-15 11:08:52.492290,2025-06-15 11:09:16.866667,0 days 00:00:24.374377,0.8969724981135545,0.43204628702008513,0.04931906831092461,10,7,5,241,0.6684057003864611,0.8888633903348876,4.40063530545398,0.9415627806940691,COMPLETE
71,0.9134715800820429,2025-06-15 11:08:57.991760,2025-06-15 11:09:21.650204,0 days 00:00:23.658444,0.8484142001540448,0.4289785828790401,0.04968327305863576,10,7,5,226,0.6616506273951439,0.9013266824204195,4.370804679865332,0.943011610455372,COMPLETE
72,0.9198598259787081,2025-06-15 11:08:59.813248,2025-06-15 11:09:19.624468,0 days 00:00:19.811220,0.8886297347990061,0.4050958004175643,0.24114038646052607,10,10,3,244,0.658910905836228,0.9059198668452582,3.9409126949228064,0.9388535145658167,COMPLETE
73,0.9191136679364129,2025-06-15 11:09:02.577129,2025-06-15 11:09:25.318296,0 days 00:00:22.741167,0.8820899426157222,0.41172093571282786,0.2472620570628224,4,10,5,289,0.6518291795374345,0.8904972628238199,3.6805625637949153,0.9424563062765583,COMPLETE
74,0.920395781787505,2025-06-15 11:09:04.044204,2025-06-15 11:09:27.406982,0 days 00:00:23.362778,0.8860702820337397,0.4459508967711331,0.21388267539492878,4,10,3,291,0.6601005802166616,0.8997564766087603,3.6769485786782425,0.9424537356112922,COMPLETE
75,0.9142771304340233,2025-06-15 11:09:08.556498,2025-06-15 11:09:39.152252,0 days 00:00:30.595754,0.8824763676223668,0.7824022132735293,0.04953838030766304,4,7,5,290,0.9064671776916764,0.8966282200096839,3.3232759551883393,0.9432119132100365,COMPLETE
76,0.9167884013109994,2025-06-15 11:09:09.005292,2025-06-15 11:09:35.743778,0 days 00:00:26.738486,0.8806075643940245,0.8092535533877608,0.050244140162856554,10,7,3,290,0.7538299855030338,0.8135256665893014,2.8624160245569965,0.9438846510287053,COMPLETE
77,0.9169316698998748,2025-06-15 11:09:12.916256,2025-06-15 11:09:35.071073,0 days 00:00:22.154817,0.8783383679209298,0.7910285851092976,0.2188433363853899,9,7,1,290,0.8957827821153052,0.8324320404886832,6.3537167540237505,0.9406183048865511,COMPLETE
78,0.914514918615993,2025-06-15 11:09:16.869675,2025-06-15 11:09:54.288976,0 days 00:00:37.419301,0.8774819982321631,0.16010301917743164,0.03621789532205776,9,10,4,290,0.8825050372274956,0.9998915100539937,6.4979765298947,0.9404997895095062,COMPLETE
79,0.917392706766298,2025-06-15 11:09:19.628980,2025-06-15 11:09:38.126788,0 days 00:00:18.497808,0.8770291897067642,0.7956855559929474,0.23397063443580898,9,10,3,290,0.7538797517960756,0.8253155766540731,6.3844701543041715,0.9766039922794758,COMPLETE
80,0.9127661764149633,2025-06-15 11:09:21.654205,2025-06-15 11:09:37.838124,0 days 00:00:16.183919,0.87420856501235,2.2311355299911604,0.24217460754742415,9,10,3,289,0.7626617092024536,0.5577904726335382,2.7130365725189973,0.9763244510998372,COMPLETE
81,0.9177337066623805,2025-06-15 11:09:25.321297,2025-06-15 11:09:47.964729,0 days 00:00:22.643432,0.8791886200898698,0.8261214813827921,0.25705529435604846,9,10,3,292,0.8966927526907901,0.8246713553302059,6.59269670156652,0.9066590193782204,COMPLETE
82,0.9170982671327877,2025-06-15 11:09:27.411979,2025-06-15 11:09:45.176681,0 days 00:00:17.764702,0.8782946757479202,0.7693562612185156,0.25198926983084696,4,10,3,215,0.748754720982916,0.8083677870066438,2.7806879303404424,0.9802279887638929,COMPLETE
83,0.917809850602052,2025-06-15 11:09:35.077075,2025-06-15 11:09:54.522656,0 days 00:00:19.445581,0.8762373014654787,0.7452321405684783,0.257614212005719,4,10,3,264,0.7556037643499618,0.795581847085927,2.7417845483908083,0.9773821861455912,COMPLETE
84,0.9147561062078647,2025-06-15 11:09:35.749289,2025-06-15 11:09:53.401399,0 days 00:00:17.652110,0.9364988312768268,1.1597546760463122,0.2499637679259612,4,10,3,266,0.6151011842602776,0.9571213159084188,2.5585868314134945,0.9803817412704086,COMPLETE
