number,value,datetime_start,datetime_complete,duration,params_colsample_bytree,params_gamma,params_learning_rate,params_max_delta_step,params_max_depth,params_min_child_weight,params_n_estimators,params_reg_alpha,params_reg_lambda,params_scale_pos_weight,params_subsample,state
0,0.7828786075930722,2025-06-15 14:00:21.935896,2025-06-15 14:00:39.881802,0 days 00:00:17.945906,0.9467235207592753,1.9857091366079809,0.2631621209832059,5,5,2,278,0.06642378398340565,0.1958753553387207,35.04776441820288,0.7464920746407302,COMPLETE
1,0.6797090063513599,2025-06-15 14:00:21.938992,2025-06-15 14:00:49.180580,0 days 00:00:27.241588,0.94994703397004,2.6390576108772352,0.013570502182736682,1,7,3,279,0.049619445134625795,0.02850185080208667,32.63947790730688,0.9135892371520383,COMPLETE
2,0.7299096099591583,2025-06-15 14:00:21.942010,2025-06-15 14:00:48.305610,0 days 00:00:26.363600,0.8335616378005496,2.645038894529251,0.013347663431367977,7,10,3,210,0.390616897204184,0.33563724403070005,38.32662005859447,0.8290436331355635,COMPLETE
3,0.6883839241561615,2025-06-15 14:00:21.945259,2025-06-15 14:00:30.993670,0 days 00:00:09.048411,0.8891196677694747,3.40654152698139,0.08299376293433282,1,5,3,137,0.1456502394342989,0.997959081446694,24.59507823127085,0.972885199881623,COMPLETE
4,0.7005583147547527,2025-06-15 14:00:21.950768,2025-06-15 14:00:30.365409,0 days 00:00:08.414641,0.9992973708945121,0.7997762579783568,0.04807638777550411,3,5,2,103,0.016331282691284477,0.9257971771596067,16.993727338782847,0.8283588751675571,COMPLETE
5,0.6803350981208508,2025-06-15 14:00:21.952778,2025-06-15 14:00:31.899038,0 days 00:00:09.946260,0.9185411288126317,2.856744549889483,0.05845908887499417,5,4,4,141,0.5637929301970717,0.8068958291106526,24.483432502379614,0.8763879190075706,COMPLETE
6,0.7367220708476844,2025-06-15 14:00:21.955970,2025-06-15 14:00:52.801204,0 days 00:00:30.845234,0.8297498778778235,1.4950449341838468,0.02159218320726663,9,9,5,274,0.9501529799449828,0.7114260345782658,39.10770975161342,0.8161805949653822,COMPLETE
7,0.7402611666293352,2025-06-15 14:00:21.957972,2025-06-15 14:00:28.963906,0 days 00:00:07.005934,0.8730644925300872,2.683768346917347,0.20716295191158593,10,5,5,153,0.4414190117297425,0.5574788607652693,10.227457135695625,0.9556179635930052,COMPLETE
8,0.7227579715062189,2025-06-15 14:00:28.971421,2025-06-15 14:00:43.067163,0 days 00:00:14.095742,0.8482375105550479,0.9133432178334983,0.056524929547518074,9,3,5,234,0.14351450314394698,0.5339453225221027,6.598706999555206,0.7623629131980996,COMPLETE
9,0.6981525914224125,2025-06-15 14:00:30.372446,2025-06-15 14:00:46.224909,0 days 00:00:15.852463,0.7873295496195065,2.7432263756853392,0.019065242480376686,8,7,3,149,0.5977236762228847,0.13405322034788425,27.47359174253756,0.7539653471022209,COMPLETE
10,0.7699982959713976,2025-06-15 14:00:31.009771,2025-06-15 14:00:42.850683,0 days 00:00:11.840912,0.8806059739870314,2.280816608603884,0.21598401541865037,6,6,1,189,0.37675504279121264,0.15602032183371917,38.92636466033915,0.8735028034298947,COMPLETE
11,0.7745129362586278,2025-06-15 14:00:31.905557,2025-06-15 14:00:46.649903,0 days 00:00:14.744346,0.8852643935508213,0.4621495617915533,0.13696909686386888,6,5,1,179,0.5435827418124367,0.5992775024846007,25.154907565112048,0.7342786535616616,COMPLETE
12,0.7785630111131121,2025-06-15 14:00:39.888831,2025-06-15 14:01:09.306530,0 days 00:00:29.417699,0.9243096076692624,0.9687534520736085,0.031979810166985735,8,8,2,291,0.4963908728494695,0.5375773431609654,20.869051450167714,0.7088435762033587,COMPLETE
13,0.7698652128116136,2025-06-15 14:00:42.855684,2025-06-15 14:00:55.131758,0 days 00:00:12.276074,0.9819696120745509,2.705589335209827,0.0658442768446569,9,9,1,219,0.03425175399559377,0.9278274992638735,20.382966294317296,0.8549737977076987,COMPLETE
14,0.7586009229201652,2025-06-15 14:00:43.072700,2025-06-15 14:00:59.471469,0 days 00:00:16.398769,0.9506342395726909,2.0936553319414775,0.03952911406148335,2,10,4,180,0.19600313436403094,0.902010550182124,28.255743617807052,0.9454695328848752,COMPLETE
15,0.7755410631962144,2025-06-15 14:00:46.229408,2025-06-15 14:01:01.417431,0 days 00:00:15.188023,0.8604467989043391,2.7677115919022546,0.23931427567834515,2,6,1,293,0.12448846874389718,0.9567348731404667,31.68179167062547,0.7457008937414816,COMPLETE
16,0.8047757273786769,2025-06-15 14:00:46.652901,2025-06-15 14:01:11.794860,0 days 00:00:25.141959,0.9458404094626823,0.4190632030895458,0.07844815555014621,2,10,2,242,0.2905507029622112,0.5743683572266262,16.142904928926843,0.9306009106992623,COMPLETE
17,0.7624046084018646,2025-06-15 14:00:48.312386,2025-06-15 14:01:02.291219,0 days 00:00:13.978833,0.9763966505915614,4.745472805300363,0.2775681859954735,0,8,2,300,0.9691140649717835,0.034157787730304645,33.65157830012469,0.7079963222982566,COMPLETE
18,0.7589665342793918,2025-06-15 14:00:49.187099,2025-06-15 14:01:02.198501,0 days 00:00:13.011402,0.7139730645020445,4.844051731915693,0.29425722066984833,4,9,1,285,0.8789107236823318,0.7033708348950005,30.931549736014695,0.7095525118364795,COMPLETE
19,0.732749666478922,2025-06-15 14:00:52.808715,2025-06-15 14:01:04.581590,0 days 00:00:11.772875,0.724729495450253,4.817424117615204,0.29451390529975907,4,3,1,242,0.7394754258042144,0.39742948942199285,17.162125609089383,0.7104887594668945,COMPLETE
20,0.7284536206097113,2025-06-15 14:00:55.133759,2025-06-15 14:01:09.468662,0 days 00:00:14.334903,0.7493134552845903,4.845504811974804,0.2982646614709073,4,3,2,246,0.7367849262807693,0.3602699837964022,31.56323094605471,0.7068251635411263,COMPLETE
21,0.6958751514470322,2025-06-15 14:00:59.476979,2025-06-15 14:01:14.219179,0 days 00:00:14.742200,0.7125852545368963,4.723301019806344,0.11929871336886337,4,3,2,250,0.8473845874081447,0.3734360921102211,32.709119148905444,0.7004165788881647,COMPLETE
22,0.7342105874122815,2025-06-15 14:01:01.421956,2025-06-15 14:01:19.121780,0 days 00:00:17.699824,0.7381850149707566,4.895148039685607,0.2975613567310437,3,3,2,299,0.2724136751486971,0.3667971674398327,32.38466452918377,0.7202542102842977,COMPLETE
23,0.6973714457531003,2025-06-15 14:01:02.203913,2025-06-15 14:01:17.521385,0 days 00:00:15.317472,0.7743300496405323,3.8944136411244443,0.11463990192866379,3,3,2,250,0.28260941755453806,0.3809990460038528,33.890083317920926,0.7887450801334263,COMPLETE
24,0.7114435626619204,2025-06-15 14:01:02.297737,2025-06-15 14:01:17.903952,0 days 00:00:15.606215,0.7847746426660176,3.780474776970404,0.11986368680775684,4,3,2,252,0.275192138321612,0.317915956242216,16.27861627931731,0.7840415419688225,COMPLETE
25,0.749660049378934,2025-06-15 14:01:04.584591,2025-06-15 14:01:21.991251,0 days 00:00:17.406660,0.8052857826964916,3.755571676597878,0.12150119878968411,3,6,2,256,0.2879173199422947,0.3327924426040149,35.10814209101016,0.7888376980403573,COMPLETE
26,0.7921159308431733,2025-06-15 14:01:09.310170,2025-06-15 14:01:42.987715,0 days 00:00:33.677545,0.9208432091375103,0.09503066124710191,0.03321707517925769,7,8,2,258,0.23860373793728257,0.3029191273551807,12.861320308191704,0.7750766013438131,COMPLETE
27,0.8066315582697786,2025-06-15 14:01:09.475186,2025-06-15 14:01:43.162620,0 days 00:00:33.687434,0.9212936281681422,0.08297079323387391,0.027567804750973566,7,8,2,260,0.2783756325995266,0.2275178451282266,1.9341542872015793,0.7852813747203142,COMPLETE
28,0.7926027991633655,2025-06-15 14:01:11.800384,2025-06-15 14:01:45.894111,0 days 00:00:34.093727,0.9318896023776195,0.07837220285974278,0.030181390211925015,7,8,2,266,0.29277795774349863,0.26144992556301017,13.00132274691336,0.7873923817039925,COMPLETE
29,0.7800969739385628,2025-06-15 14:01:14.224201,2025-06-15 14:01:44.537228,0 days 00:00:30.313027,0.9247653705404103,1.6557942590915942,0.033361640333315824,7,8,2,265,0.2972410578660285,0.4521097465096038,13.879017652496263,0.7904593359332286,COMPLETE
30,0.776748823251222,2025-06-15 14:01:17.525231,2025-06-15 14:01:47.000701,0 days 00:00:29.475470,0.9462038214313606,1.6926995856263114,0.02920557594364746,7,8,2,263,0.2706517962021589,0.2378747193309596,12.737239218291005,0.7845473289224171,COMPLETE
31,0.7705382946512864,2025-06-15 14:01:17.908016,2025-06-15 14:01:43.413136,0 days 00:00:25.505120,0.923716346906474,1.5008527949894384,0.029048273090854698,7,8,2,272,0.30406310130057845,0.47058117800527743,12.533197602539687,0.9945139854554921,COMPLETE
32,0.7869762740895799,2025-06-15 14:01:19.124374,2025-06-15 14:01:52.304813,0 days 00:00:33.180439,0.9117521479415139,0.0003682859619092982,0.03400850234327104,7,8,3,268,0.46397325983448046,0.4666078014995416,12.36503653579369,0.9082623138691165,COMPLETE
33,0.7698196854073619,2025-06-15 14:01:21.993258,2025-06-15 14:01:49.901406,0 days 00:00:27.908148,0.9176088056516208,1.4379598597295962,0.029382541091445596,7,8,4,266,0.45980766071159007,0.4720745491232949,12.152225310821784,0.9150965158614988,COMPLETE
34,0.7789170513211131,2025-06-15 14:01:42.991730,2025-06-15 14:02:16.172917,0 days 00:00:33.181187,0.9159465054706465,0.17397911053716955,0.02461878829851506,6,8,3,262,0.22433399344193172,0.23032685294515653,11.500067994431111,0.9101449510183801,COMPLETE
35,0.8000669423355922,2025-06-15 14:01:43.165968,2025-06-15 14:02:12.737246,0 days 00:00:29.571278,0.9149409132182198,0.08397266054074759,0.027764673735215985,7,8,3,229,0.3567281836049052,0.46429716853687175,1.7227960036178744,0.9974160216785715,COMPLETE
36,0.8060127416108196,2025-06-15 14:01:43.416659,2025-06-15 14:02:15.288697,0 days 00:00:31.872038,0.8970644863445508,0.018409275527990987,0.023412960315669955,6,10,3,216,0.36343384653981287,0.2437564197032843,1.9077711758222424,0.9037410118900455,COMPLETE
37,0.7972898260108728,2025-06-15 14:01:44.541230,2025-06-15 14:02:17.103403,0 days 00:00:32.562173,0.9040954976910043,0.05314237266744182,0.02192076252816415,6,9,3,228,0.21022059250398095,0.2289687936685894,4.2383296025613575,0.9129699935359478,COMPLETE
38,0.7982640273752695,2025-06-15 14:01:45.897111,2025-06-15 14:02:19.006357,0 days 00:00:33.109246,0.96107661822769,0.16353665433253295,0.02208639211776471,6,9,3,230,0.19207917471171015,0.1834989863382697,4.3320146755471995,0.8099265655587623,COMPLETE
39,0.7928234789234639,2025-06-15 14:01:47.004703,2025-06-15 14:02:14.465859,0 days 00:00:27.461156,0.9024303382221687,0.003520852453731127,0.021515062777478177,6,7,3,227,0.20988592221274305,0.25145022501702974,1.6831867965445504,0.9172877793731558,COMPLETE
40,0.7968587096185028,2025-06-15 14:01:49.904406,2025-06-15 14:02:27.047552,0 days 00:00:37.143146,0.8999268246305757,0.01875284611531583,0.021036853320334246,6,10,3,232,0.3732399287114539,0.24288811924936468,1.1308043657268314,0.8072460328163577,COMPLETE
41,0.7850417567825074,2025-06-15 14:01:52.308814,2025-06-15 14:02:19.367897,0 days 00:00:27.059083,0.9526040309843355,0.028487044466137146,0.02042788870469469,6,7,3,227,0.36503381575491456,0.24836262318919167,1.19247267799359,0.8047151299472461,COMPLETE
42,0.8014083190580749,2025-06-15 14:02:12.739760,2025-06-15 14:02:44.919507,0 days 00:00:32.179747,0.9533955104832627,0.411941385675591,0.02095596021363993,6,10,3,227,0.38300929919787974,0.22970070173228632,3.154763653546025,0.9966764778624316,COMPLETE
43,0.774131299705051,2025-06-15 14:02:14.468874,2025-06-15 14:02:39.819466,0 days 00:00:25.350592,0.8980078583178056,0.470467836360855,0.010337136574503754,6,7,3,226,0.3664983306122507,0.6357844620470039,1.258672117654914,0.9976485647073496,COMPLETE
44,0.7859358848610617,2025-06-15 14:02:15.292697,2025-06-15 14:02:44.530574,0 days 00:00:29.237877,0.961901613373414,0.44147611362039196,0.011475654569145547,5,10,3,204,0.3829298140376301,0.06688925837966864,1.211700921722347,0.9893996456447669,COMPLETE
45,0.7891384341816329,2025-06-15 14:02:16.177922,2025-06-15 14:02:46.097812,0 days 00:00:29.919890,0.952739876363052,0.5539949334757316,0.012040783040714893,5,10,4,208,0.36238699062500784,0.6370875258118072,1.4515075838858014,0.9957053980481797,COMPLETE
46,0.7624610760630978,2025-06-15 14:02:17.109394,2025-06-15 14:02:47.208753,0 days 00:00:30.099359,0.9594575689745762,0.4599350934466184,0.011644774426612069,5,10,4,201,0.3740932903004546,0.6462293520188865,7.342675135984074,0.9385967665620432,COMPLETE
47,0.7613313163077761,2025-06-15 14:02:19.011879,2025-06-15 14:02:51.235724,0 days 00:00:32.223845,0.9996236261235844,0.5445570019730608,0.010745075741308537,5,10,4,206,0.37595392150896945,0.07615310669543404,8.277201943655006,0.94122383137259,COMPLETE
48,0.7654134653259373,2025-06-15 14:02:19.372412,2025-06-15 14:02:51.509739,0 days 00:00:32.137327,0.9735306122161458,0.4979637271774725,0.010400668714557639,5,10,4,208,0.09670882746996903,0.09629122876555007,7.083185697738467,0.8385217945018617,COMPLETE
49,0.7644187684992196,2025-06-15 14:02:27.054068,2025-06-15 14:02:57.717084,0 days 00:00:30.663016,0.9789324947782819,0.6481578629941736,0.010802437932279564,5,10,4,209,0.41399136946876924,0.10996278523216778,7.727573312851443,0.8414049606821582,COMPLETE
50,0.7729701955178883,2025-06-15 14:02:39.823991,2025-06-15 14:03:08.665231,0 days 00:00:28.841240,0.9759731493878793,0.5270822737252729,0.013457959606077732,5,10,4,208,0.1283884272555315,0.0996505567373491,7.637746101131682,0.8466487455652779,COMPLETE
51,0.769858154757405,2025-06-15 14:02:44.533577,2025-06-15 14:03:10.908010,0 days 00:00:26.374433,0.9704142521932223,1.1433632152248423,0.01454287705832863,5,9,4,209,0.09532554169638752,0.13812188014664795,7.444612390252955,0.8373528073648927,COMPLETE
52,0.773751243499772,2025-06-15 14:02:44.922963,2025-06-15 14:03:16.008689,0 days 00:00:31.085726,0.8674306119078556,0.6462499239739017,0.015186492597787699,8,10,4,213,0.4372596015418433,0.14272864985302103,8.387159996506252,0.9669650474630903,COMPLETE
53,0.7714637140761881,2025-06-15 14:02:46.101815,2025-06-15 14:03:13.850338,0 days 00:00:27.748523,0.9814414275266181,1.163132095259757,0.016792539607191324,8,10,4,193,0.416752895742182,0.1346619443284814,8.425218577404735,0.9641172386342436,COMPLETE
54,0.7827518802405702,2025-06-15 14:02:47.211803,2025-06-15 14:03:16.023214,0 days 00:00:28.811411,0.993130246212891,1.0654682104887623,0.014622207968714829,8,9,4,219,0.10562760562881635,0.06986763860490802,4.269472082854143,0.9780754186847027,COMPLETE
55,0.7903900772325542,2025-06-15 14:02:51.244730,2025-06-15 14:03:19.779493,0 days 00:00:28.534763,0.939672523658901,1.1182340928622172,0.017167572663565202,8,9,4,216,0.08977642831998878,0.1402816675080808,3.931156905598444,0.9667868565862521,COMPLETE
56,0.7872749303071199,2025-06-15 14:02:51.513249,2025-06-15 14:03:17.163020,0 days 00:00:25.649771,0.9381193188147094,1.1454508847331695,0.01604552724768145,8,9,3,190,0.5283493876546569,0.12680535896068673,4.004001873514824,0.9727466214703016,COMPLETE
57,0.7902084243699428,2025-06-15 14:02:57.722604,2025-06-15 14:03:24.346894,0 days 00:00:26.624290,0.8685102650966766,1.0234588599488055,0.016218784659328394,8,9,3,217,0.5568972014195653,0.7870373082150228,3.59493705742457,0.9700829144067044,COMPLETE
58,0.792719822798319,2025-06-15 14:03:08.668748,2025-06-15 14:03:36.320276,0 days 00:00:27.651528,0.9391480107995805,1.0194893428688379,0.016590789371648568,8,9,3,239,0.3270278990357428,0.18514155846175706,4.292096171428481,0.9746611806532615,COMPLETE
59,0.7908596449465615,2025-06-15 14:03:10.912003,2025-06-15 14:03:39.715365,0 days 00:00:28.803362,0.9388878579835306,0.28652046698825295,0.015601259038921657,8,9,3,241,0.17438215472568908,0.16866298425525933,4.50960851956369,0.9715265860250424,COMPLETE
60,0.8027197733914774,2025-06-15 14:03:13.853346,2025-06-15 14:03:38.443940,0 days 00:00:24.590594,0.9358258346020505,0.2771811320164591,0.04335192101503536,8,9,3,217,0.5557006883670972,0.18125630526187234,4.535399166154381,0.9768174167879955,COMPLETE
61,0.8061850931720732,2025-06-15 14:03:16.013690,2025-06-15 14:03:45.929671,0 days 00:00:29.915981,0.9383367879655333,0.3157806324386505,0.04265929143243507,1,9,3,243,0.18039563821196047,0.17379848671335155,4.10575085244831,0.8788390357417055,COMPLETE
62,0.8077849794398265,2025-06-15 14:03:16.028736,2025-06-15 14:03:45.207426,0 days 00:00:29.178690,0.9375696543129842,0.2931773413548424,0.04567764415699477,0,9,3,241,0.1742504585827661,0.18462443315065252,4.201711508740283,0.88457327649856,COMPLETE
63,0.8025322729801845,2025-06-15 14:03:17.166337,2025-06-15 14:03:35.482709,0 days 00:00:18.316372,0.9394218078215807,0.7950933214253841,0.06903263810637246,0,9,3,239,0.17988654188326222,0.18823852833910276,5.4727354975507705,0.8724210248835622,COMPLETE
64,0.8066803673151469,2025-06-15 14:03:19.782805,2025-06-15 14:03:49.372657,0 days 00:00:29.589852,0.8811700187786913,0.29270872081712024,0.04818541580191144,0,9,3,240,0.32654771561806406,0.19921426531889003,5.66097869671222,0.8217176278192134,COMPLETE
65,0.8081033344835081,2025-06-15 14:03:24.350905,2025-06-15 14:03:53.708274,0 days 00:00:29.357369,0.8852219753639713,0.3142561202518465,0.04629055338363551,0,9,3,239,0.3277661898084909,0.18722123879364355,5.425199911268964,0.8760825458746063,COMPLETE
66,0.8061615790630586,2025-06-15 14:03:35.486717,2025-06-15 14:03:58.327621,0 days 00:00:22.840904,0.8289130883209854,0.7673776104920793,0.07087928179173543,0,9,3,239,0.16285898417374017,0.4271935969847571,5.6287930963231245,0.884225339484517,COMPLETE
67,0.807292588255949,2025-06-15 14:03:36.325799,2025-06-15 14:03:54.512131,0 days 00:00:18.186332,0.8454964188690478,0.8046359671461728,0.07746954593761984,0,9,1,239,0.16227950011532508,0.008741935054213668,2.549443494811619,0.8773967090530221,COMPLETE
68,0.8064937614376682,2025-06-15 14:03:38.446447,2025-06-15 14:04:06.765530,0 days 00:00:28.319083,0.8912031698857638,0.26951525651027264,0.07658834995223249,1,9,3,241,0.6076537446429473,0.28375238988728685,5.918671081996889,0.8688711380579541,COMPLETE
69,0.8083730437103048,2025-06-15 14:03:39.718786,2025-06-15 14:04:04.130733,0 days 00:00:24.411947,0.8811167239150047,0.30467294140579493,0.07191050346183506,0,9,3,238,0.623316561615725,0.29646198158496767,5.779533205033901,0.8870983320592015,COMPLETE
70,0.8049842585305864,2025-06-15 14:03:45.210300,2025-06-15 14:04:10.064636,0 days 00:00:24.854336,0.9302347765193465,0.25981344233264836,0.04770851264371548,0,9,3,236,0.6096368591233066,0.02229596981432072,9.855974746901358,0.8790169827183698,COMPLETE
71,0.8126961191621918,2025-06-15 14:03:45.932671,2025-06-15 14:04:09.671865,0 days 00:00:23.739194,0.8870974202298846,0.2928067490514205,0.04882683802437432,0,9,1,245,0.6185021854147561,0.2763623943603949,5.973262054560282,0.8815141930767737,COMPLETE
72,0.8101383134232936,2025-06-15 14:03:49.375622,2025-06-15 14:04:19.628548,0 days 00:00:30.252926,0.8564752435681917,0.28929854246278414,0.04752487003675889,1,9,1,284,0.5988768042646142,0.2794574483964548,5.892872270829917,0.8865702534447608,COMPLETE
73,0.8052900997011119,2025-06-15 14:03:53.711793,2025-06-15 14:04:13.660672,0 days 00:00:19.948879,0.8814105781090028,0.8202218696137372,0.050618854271757587,1,9,1,249,0.0054432108479431085,0.03593158816064032,5.684678534235871,0.8901888932109612,COMPLETE
74,0.8017876282646194,2025-06-15 14:03:54.515137,2025-06-15 14:04:17.575354,0 days 00:00:23.060217,0.8437654270127996,0.8156583595700039,0.05094811749267544,1,9,1,281,0.053770129264081534,0.27759454626732394,10.099754423139306,0.8903139556796239,COMPLETE
75,0.8068891594414266,2025-06-15 14:03:58.336144,2025-06-15 14:04:20.531533,0 days 00:00:22.195389,0.8390917423417279,0.8137927098484158,0.05226485463949247,1,9,1,285,0.015120842580289812,0.006338968352276264,6.051918302752505,0.8887501654038463,COMPLETE
76,0.8084489522665589,2025-06-15 14:04:04.134252,2025-06-15 14:04:36.487193,0 days 00:00:32.352941,0.8513951404974454,0.2760911328368769,0.05075577327256726,1,9,1,281,0.641569791686772,0.0012056814265845222,9.776286570341796,0.8622215864471421,COMPLETE
77,0.7696725520264007,2025-06-15 14:04:06.769050,2025-06-15 14:04:23.391832,0 days 00:00:16.622782,0.8448487104774107,2.4889805427757024,0.052683416865779605,1,8,1,255,0.6447302032957366,0.005471207506522163,9.177269021833988,0.8617539347862332,COMPLETE
78,0.7706044497861949,2025-06-15 14:04:09.675381,2025-06-15 14:04:27.696809,0 days 00:00:18.021428,0.8434904886291779,2.9896164190874126,0.05444155367780405,1,9,1,278,0.6240103123430298,0.2952796880995977,9.737890761550466,0.8645059240971893,COMPLETE
79,0.8030318732304419,2025-06-15 14:04:10.067645,2025-06-15 14:04:30.141219,0 days 00:00:20.073574,0.8505370509992006,0.8281825509335448,0.09472601575830056,1,8,1,255,0.6401231612716987,0.2827434270963171,5.824741978234509,0.8579335012987653,COMPLETE
80,0.8101844946682586,2025-06-15 14:04:13.663674,2025-06-15 14:04:43.261473,0 days 00:00:29.597799,0.8445428680180639,0.30350755836749016,0.09158547187137969,1,8,1,256,0.6492820611579839,0.28337111303954293,9.993936709688125,0.8638953466179493,COMPLETE
81,0.7898513991452829,2025-06-15 14:04:17.578352,2025-06-15 14:04:31.764060,0 days 00:00:14.185708,0.8522579838160772,3.003694658717849,0.060328405530311664,0,8,1,257,0.6607284225496239,0.29230390149594926,2.810566600928684,0.8619913976404707,COMPLETE
82,0.8099019439861521,2025-06-15 14:04:19.632068,2025-06-15 14:04:39.484425,0 days 00:00:19.852357,0.8506214973865728,0.6558436352086723,0.09696708736225125,0,8,1,256,0.7369213524002642,0.34769777834406757,2.7416657956482204,0.8638262318768374,COMPLETE
83,0.755766244067997,2025-06-15 14:04:20.536534,2025-06-15 14:04:43.430113,0 days 00:00:22.893579,0.856888010634522,0.6650047924314024,0.05957308115364682,0,4,1,287,0.5010945078007083,0.3372127510801883,9.567998813543241,0.8586857298701195,COMPLETE
