number,value,datetime_start,datetime_complete,duration,params_colsample_bytree,params_gamma,params_learning_rate,params_max_delta_step,params_max_depth,params_min_child_weight,params_n_estimators,params_reg_alpha,params_reg_lambda,params_scale_pos_weight,params_subsample,state
170,0.9090425892363714,2025-06-15 11:13:15.935781,2025-06-15 11:13:34.150447,0 days 00:00:18.214666,0.754879301249491,0.21419273181921222,0.04484268426251009,4,4,3,292,0.27746364855161854,0.06232188170804093,3.953274435235588,0.9116533237157148,COMPLETE
171,0.9201531651040457,2025-06-15 11:13:17.651123,2025-06-15 11:13:39.965788,0 days 00:00:22.314665,0.7434996207039589,0.4088040355292589,0.10064845497037436,7,6,3,292,0.44696937156964955,0.11631830621969398,3.67727642195585,0.9108415797716231,COMPLETE
172,0.910996138916838,2025-06-15 11:13:19.753857,2025-06-15 11:13:39.125598,0 days 00:00:19.371741,0.7430354964514148,2.222713747726198,0.09997787708335525,7,6,3,288,0.4347912092880553,0.1054156430265612,3.9231137534942526,0.9115817776988038,COMPLETE
173,0.9151617800823957,2025-06-15 11:13:24.199591,2025-06-15 11:13:45.500011,0 days 00:00:21.300420,0.7018675723207443,0.4077630668342105,0.06329704871101989,7,4,3,292,0.444862296849848,0.5149007261014447,2.1500445803181636,0.8910825228384657,COMPLETE
174,0.917599511784504,2025-06-15 11:13:24.440590,2025-06-15 11:13:44.899286,0 days 00:00:20.458696,0.7018057317942752,0.3762842697778679,0.11622005804480669,7,4,3,288,0.43898662519018145,0.5176142150264174,3.8903635413892736,0.903191311278494,COMPLETE
175,0.9213222027033001,2025-06-15 11:13:24.777789,2025-06-15 11:13:50.200524,0 days 00:00:25.422735,0.743757990433852,0.3269140722999554,0.10214314200005443,7,7,3,289,0.4266808707654635,0.3142595231632438,2.116857145168417,0.9015429668299297,COMPLETE
176,0.9113891926348512,2025-06-15 11:13:29.191437,2025-06-15 11:13:47.183981,0 days 00:00:17.992544,0.7343846690914791,2.4290170718609443,0.10005970386214853,7,7,3,289,0.4257110912768282,0.3413074982523383,2.2621719266948404,0.9075977299925553,COMPLETE
177,0.9210322396858917,2025-06-15 11:13:34.155448,2025-06-15 11:13:58.077177,0 days 00:00:23.921729,0.7340400120595798,0.0008435222734698988,0.10160541377930361,7,7,3,289,0.38696174457565796,0.3401887263637776,1.9478575015259014,0.9405933184450044,COMPLETE
178,0.9212384033292842,2025-06-15 11:13:39.132599,2025-06-15 11:14:02.502976,0 days 00:00:23.370377,0.7003955486838611,0.22079806526107995,0.06467295239229605,3,7,3,288,0.3946949921390688,0.3834487249108497,2.051872771946102,0.9024591086238716,COMPLETE
179,0.9221837868226505,2025-06-15 11:13:39.971787,2025-06-15 11:14:02.226976,0 days 00:00:22.255189,0.7303353646692863,0.21448393113720793,0.06507340883749302,3,7,3,289,0.386504453827503,0.2978741384287236,2.1307498010316315,0.9021168452618408,COMPLETE
180,0.9126637014364853,2025-06-15 11:13:41.464162,2025-06-15 11:13:57.032937,0 days 00:00:15.568775,0.7298209203204874,2.481509448559318,0.06501694756224943,3,7,3,288,0.37843786589056316,0.5716046198314669,2.436653127259113,0.8438023522562152,COMPLETE
181,0.9193917420920545,2025-06-15 11:13:44.904288,2025-06-15 11:14:06.054228,0 days 00:00:21.149940,0.7347616565793881,0.012581803308112427,0.03761645871642522,3,7,3,281,0.3856306677916206,0.3569261825400204,2.047161081018116,0.932264520679496,COMPLETE
182,0.922708545452991,2025-06-15 11:13:45.506010,2025-06-15 11:14:04.987393,0 days 00:00:19.481383,0.7337979003165093,0.21721144633871836,0.12064185859835824,3,7,3,281,0.38949304243989596,0.5738443331411084,2.762802418298359,0.9386663015998501,COMPLETE
183,0.9191004497494216,2025-06-15 11:13:47.187981,2025-06-15 11:14:04.723394,0 days 00:00:17.535413,0.7355057660501254,0.03206930976309744,0.11558053715491562,3,5,3,282,0.39357443701886763,0.03761426123666198,2.7602908693393475,0.8345369447257217,COMPLETE
184,0.9051552743713097,2025-06-15 11:13:50.204524,2025-06-15 11:14:13.362071,0 days 00:00:23.157547,0.7348047287040249,4.171216482685889,0.010754712357211642,6,7,3,278,0.4001357121147874,0.3877113243106145,2.571148716023601,0.8894571691549715,COMPLETE
185,0.9144913199221374,2025-06-15 11:13:57.035938,2025-06-15 11:14:16.942986,0 days 00:00:19.907048,0.7336038923037612,0.03727073258612934,0.03764032825061678,5,5,3,280,0.39448302753733877,0.28836754488333144,1.9341013921211834,0.877953164955088,COMPLETE
186,0.9209733124983875,2025-06-15 11:13:58.080177,2025-06-15 11:14:21.759823,0 days 00:00:23.679646,0.7358984691504872,0.014090602467275615,0.11625459478597146,5,8,3,279,0.4016326906359793,0.6379351928313765,1.780501227402909,0.9406624385206264,COMPLETE
187,0.9205851868182539,2025-06-15 11:14:02.229977,2025-06-15 11:14:26.089958,0 days 00:00:23.859981,0.734761569077681,0.03365273815469505,0.07449047677563145,3,8,3,280,0.3922101725731812,0.31271387121828864,1.8080447899550087,0.8904759444601186,COMPLETE
188,0.9223715237512812,2025-06-15 11:14:02.508977,2025-06-15 11:14:25.442959,0 days 00:00:22.933982,0.7346065561598143,0.045327377359793496,0.08100964849429397,3,7,3,280,0.3945769780070256,0.37157253735303514,1.9512301066682132,0.8304740280620423,COMPLETE
189,0.920702509402372,2025-06-15 11:14:04.726394,2025-06-15 11:14:26.622662,0 days 00:00:21.896268,0.7393946167246123,0.3041557188033278,0.07984853510652952,3,7,3,279,0.3918370840113741,0.3169129599649596,1.9247498465539516,0.8972262459538766,COMPLETE
190,0.9089916430603147,2025-06-15 11:14:04.995394,2025-06-15 11:14:28.567581,0 days 00:00:23.572187,0.7374924013290097,0.31569051921769853,0.011641473579398322,3,7,3,285,0.39515639944212855,0.3060481872700234,1.8892551621571456,0.8773099875986352,COMPLETE
191,0.9216025547899476,2025-06-15 11:14:06.057228,2025-06-15 11:14:27.069662,0 days 00:00:21.012434,0.7404417854518806,0.3171611192988865,0.05861353283429592,3,7,3,271,0.39527645064441086,0.2851844801063923,1.8576298209323694,0.9025256942259499,COMPLETE
192,0.9200332222054936,2025-06-15 11:14:13.367071,2025-06-15 11:14:32.314578,0 days 00:00:18.947507,0.7426676402518878,0.3133766361395033,0.11788397153296455,3,7,3,271,0.5351460811298769,0.29718196645816414,5.7306830472362345,0.9397807953481289,COMPLETE
193,0.9199267562852123,2025-06-15 11:14:16.945987,2025-06-15 11:14:37.373662,0 days 00:00:20.427675,0.7417357487742137,0.30740305687238306,0.11603562830718539,3,8,3,285,0.5368521847490478,0.3175791083722048,5.535995746979154,0.9016926665977626,COMPLETE
194,0.9218288420095279,2025-06-15 11:14:21.764195,2025-06-15 11:14:40.454581,0 days 00:00:18.690386,0.7408624296312284,0.29660434912350714,0.05928828539374671,3,7,3,271,0.36298218354785416,0.5754205680362774,1.7622609526918462,0.9370345297591509,COMPLETE
195,0.9225407342549923,2025-06-15 11:14:25.446958,2025-06-15 11:14:43.376580,0 days 00:00:17.929622,0.7409963075566653,0.0006929628582386105,0.07957192634077251,3,7,3,271,0.4081964309298846,0.30117378890122365,1.6609788128858036,0.9397274529763449,COMPLETE
196,0.922526962713406,2025-06-15 11:14:26.093960,2025-06-15 11:14:43.594580,0 days 00:00:17.500620,0.7413018833273501,0.004593053896241409,0.0797658666815579,3,7,3,273,0.36920332545235945,0.38539908348767155,1.8245044081117074,0.9405837760905063,COMPLETE
197,0.9208542474090808,2025-06-15 11:14:26.625662,2025-06-15 11:14:44.396129,0 days 00:00:17.770467,0.7482297375021959,0.15367510634255943,0.05281775827800258,3,8,3,271,0.3615610085759702,0.4240025298136473,2.996482643567914,0.9392434305734142,COMPLETE
198,0.922528187554391,2025-06-15 11:14:27.072662,2025-06-15 11:14:44.409128,0 days 00:00:17.336466,0.7469460403435212,0.0010132866614787905,0.05930880565841398,3,8,3,271,0.37455087065952575,0.336511699854264,3.14230951238608,0.8283580741355493,COMPLETE
199,0.9130546342818107,2025-06-15 11:14:28.570582,2025-06-15 11:14:45.116886,0 days 00:00:16.546304,0.7438454828921718,0.1876776032346138,0.058003541946129354,3,8,3,272,0.36728477997103426,0.6480620441181737,18.69358943442565,0.9402824017273882,COMPLETE
